<?xml version="1.0" encoding="utf-8"?>
<TestRun id="c72f760c-bf92-4cfb-8073-1abd9d99df74" name="@JKPHVQ1XK9 2026-05-28 08:09:03" xmlns="http://microsoft.com/schemas/VisualStudio/TeamTest/2010">
  <Times creation="2026-05-28T08:09:03.4336370-07:00" queuing="2026-05-28T08:09:03.4336370-07:00" start="2026-05-28T08:09:02.6688740-07:00" finish="2026-05-28T08:09:04.3926610-07:00" />
  <TestSettings name="default" id="07ebeee9-4fb6-4f64-a213-2d8952e0fff4">
    <Deployment runDeploymentRoot="_JKPHVQ1XK9_2026-05-28_08_09_03" />
  </TestSettings>
  <Results>
    <UnitTestResult executionId="2e62ff7e-e237-4664-92bf-d508c8f3e7df" testId="4da92637-a30e-fe79-6f3b-551034f6dec1" testName="server.tests.Controllers.AccountControllerTests.Login_pi_signs_in_with_cookie_and_redirects" computerName="JKPHVQ1XK9" duration="00:00:00.0011249" startTime="2026-05-28T08:09:03.7433130-07:00" endTime="2026-05-28T08:09:03.7444300-07:00" testType="13cdc9d9-ddb5-4fa4-a97d-d965ccfc6d4b" outcome="Passed" testListId="8c84fa94-04c1-424b-9868-57a2d4851a1d" relativeResultsDirectory="2e62ff7e-e237-4664-92bf-d508c8f3e7df" />
    <UnitTestResult executionId="9e0966ec-6185-4bc0-b6bb-84184426f71e" testId="f3572e1e-ae25-438b-2ae1-345de05b6325" testName="server.tests.Services.AccrualNotificationMessageBuilderTests.BuildEmployeeMessages_chooses_template_key_by_employee_group(employeeGroup: Staff, expectedTemplateKey: &quot;accrual.employee.staff.v1&quot;)" computerName="JKPHVQ1XK9" duration="00:00:00.0000145" startTime="2026-05-28T08:09:03.4234510-07:00" endTime="2026-05-28T08:09:03.4234720-07:00" testType="13cdc9d9-ddb5-4fa4-a97d-d965ccfc6d4b" outcome="Passed" testListId="8c84fa94-04c1-424b-9868-57a2d4851a1d" relativeResultsDirectory="9e0966ec-6185-4bc0-b6bb-84184426f71e" />
    <UnitTestResult executionId="72bc17d7-8707-4683-acd3-36c1871a40b7" testId="9fa5d904-7778-6d25-c250-94d1ad5176b7" testName="server.tests.Services.OutboundMessageSenderTests.ProcessDueAsync_marks_message_sent_when_token_is_canceled_after_send_succeeds" computerName="JKPHVQ1XK9" duration="00:00:00.0013550" startTime="2026-05-28T08:09:03.7561340-07:00" endTime="2026-05-28T08:09:03.7574920-07:00" testType="13cdc9d9-ddb5-4fa4-a97d-d965ccfc6d4b" outcome="Passed" testListId="8c84fa94-04c1-424b-9868-57a2d4851a1d" relativeResultsDirectory="72bc17d7-8707-4683-acd3-36c1871a40b7" />
    <UnitTestResult executionId="6d59884d-cd47-4b90-8cff-c49a2222678e" testId="bea311d2-5519-6f1d-4129-3681ff1f4256" testName="server.tests.Data.DbInitializerTests.InitializeAsync_in_production_safe_mode_does_not_seed_fake_user" computerName="JKPHVQ1XK9" duration="00:00:00.0018336" startTime="2026-05-28T08:09:03.7600380-07:00" endTime="2026-05-28T08:09:03.7618430-07:00" testType="13cdc9d9-ddb5-4fa4-a97d-d965ccfc6d4b" outcome="Passed" testListId="8c84fa94-04c1-424b-9868-57a2d4851a1d" relativeResultsDirectory="6d59884d-cd47-4b90-8cff-c49a2222678e" />
    <UnitTestResult executionId="f078e9f3-7908-4ffb-b1cb-0cc867139fa2" testId="049b5187-082e-8fc8-1a7e-044103fe0f2c" testName="server.tests.Services.AccrualNotificationGeneratorTests.GenerateMonthlyAsync_reports_duplicate_count_from_queue" computerName="JKPHVQ1XK9" duration="00:00:00.0003703" startTime="2026-05-28T08:09:03.7246080-07:00" endTime="2026-05-28T08:09:03.7249650-07:00" testType="13cdc9d9-ddb5-4fa4-a97d-d965ccfc6d4b" outcome="Passed" testListId="8c84fa94-04c1-424b-9868-57a2d4851a1d" relativeResultsDirectory="f078e9f3-7908-4ffb-b1cb-0cc867139fa2" />
    <UnitTestResult executionId="d9ee2374-874c-4bb6-9509-7e1b49d8e2a7" testId="a9658114-df3a-b311-f7e4-4a903dbaf374" testName="server.tests.Controllers.SearchControllerTests.SearchPeople_returns_graph_results_for_financial_users" computerName="JKPHVQ1XK9" duration="00:00:00.0009181" startTime="2026-05-28T08:09:03.7049540-07:00" endTime="2026-05-28T08:09:03.7051760-07:00" testType="13cdc9d9-ddb5-4fa4-a97d-d965ccfc6d4b" outcome="Passed" testListId="8c84fa94-04c1-424b-9868-57a2d4851a1d" relativeResultsDirectory="d9ee2374-874c-4bb6-9509-7e1b49d8e2a7" />
    <UnitTestResult executionId="5cc2a918-f1fe-426d-a17c-a501cdf34f09" testId="8325e8bb-36fa-775a-006b-ba13cc5fc20c" testName="server.tests.Services.OutboundMessageQueueTests.MarkDeadLetterAsync_sets_terminal_state" computerName="JKPHVQ1XK9" duration="00:00:00.0013336" startTime="2026-05-28T08:09:04.3453650-07:00" endTime="2026-05-28T08:09:04.3465370-07:00" testType="13cdc9d9-ddb5-4fa4-a97d-d965ccfc6d4b" outcome="Passed" testListId="8c84fa94-04c1-424b-9868-57a2d4851a1d" relativeResultsDirectory="5cc2a918-f1fe-426d-a17c-a501cdf34f09" />
    <UnitTestResult executionId="7d51ac70-3592-4a3f-989f-34db9bc14807" testId="23ba4c85-a562-6b9f-ee6c-599313d0062d" testName="server.tests.Services.AccrualOverviewCalculatorTests.BuildDepartmentDetail_uses_mid_tier_fallback_accrual_rates_when_current_history_has_no_positive_accrual" computerName="JKPHVQ1XK9" duration="00:00:00.0019428" startTime="2026-05-28T08:09:03.4873510-07:00" endTime="2026-05-28T08:09:03.4892060-07:00" testType="13cdc9d9-ddb5-4fa4-a97d-d965ccfc6d4b" outcome="Passed" testListId="8c84fa94-04c1-424b-9868-57a2d4851a1d" relativeResultsDirectory="7d51ac70-3592-4a3f-989f-34db9bc14807" />
    <UnitTestResult executionId="01bf1f56-1b1a-4fbd-af63-5ee83a186dcb" testId="936922c5-7561-e3cd-3078-267324f6e5a4" testName="server.tests.Controllers.SearchControllerTests.SearchPeople_returns_empty_for_non_financial_users" computerName="JKPHVQ1XK9" duration="00:00:00.0158237" startTime="2026-05-28T08:09:03.6802080-07:00" endTime="2026-05-28T08:09:03.7006890-07:00" testType="13cdc9d9-ddb5-4fa4-a97d-d965ccfc6d4b" outcome="Passed" testListId="8c84fa94-04c1-424b-9868-57a2d4851a1d" relativeResultsDirectory="01bf1f56-1b1a-4fbd-af63-5ee83a186dcb" />
    <UnitTestResult executionId="0c532927-4b21-410b-894d-2c31fa9b7dcb" testId="81943d2e-e306-e790-522d-41704d261382" testName="server.tests.Controllers.AccountControllerTests.Login_renders_chooser_in_dev_loopback" computerName="JKPHVQ1XK9" duration="00:00:00.0010257" startTime="2026-05-28T08:09:03.7454080-07:00" endTime="2026-05-28T08:09:03.7464520-07:00" testType="13cdc9d9-ddb5-4fa4-a97d-d965ccfc6d4b" outcome="Passed" testListId="8c84fa94-04c1-424b-9868-57a2d4851a1d" relativeResultsDirectory="0c532927-4b21-410b-894d-2c31fa9b7dcb" />
    <UnitTestResult executionId="81097287-0b49-4e0f-8b73-48dc3560e5fa" testId="e35768e5-ec35-4cca-774d-c3929e9a7059" testName="server.tests.Controllers.SearchControllerTests.ResolvePersonByDirectoryId_returns_employee_id_when_identity_is_found" computerName="JKPHVQ1XK9" duration="00:00:00.0081009" startTime="2026-05-28T08:09:03.6720510-07:00" endTime="2026-05-28T08:09:03.6800690-07:00" testType="13cdc9d9-ddb5-4fa4-a97d-d965ccfc6d4b" outcome="Passed" testListId="8c84fa94-04c1-424b-9868-57a2d4851a1d" relativeResultsDirectory="81097287-0b49-4e0f-8b73-48dc3560e5fa" />
    <UnitTestResult executionId="34d8b3fb-861f-416d-a6e9-dee1f574ef74" testId="a8bd9051-e1c2-6b6d-9a2e-78b1899c4bd9" testName="server.tests.Controllers.SystemControllerTests.GetRumConfig_clamps_and_parses_sample_rate_and_uses_configured_origins" computerName="JKPHVQ1XK9" duration="00:00:00.2984888" startTime="2026-05-28T08:09:03.3869830-07:00" endTime="2026-05-28T08:09:03.6764110-07:00" testType="13cdc9d9-ddb5-4fa4-a97d-d965ccfc6d4b" outcome="Passed" testListId="8c84fa94-04c1-424b-9868-57a2d4851a1d" relativeResultsDirectory="34d8b3fb-861f-416d-a6e9-dee1f574ef74" />
    <UnitTestResult executionId="7b765668-7494-4d7a-a097-ad3b95380d2c" testId="69339482-2083-079f-399e-f733a83aecba" testName="server.tests.Services.SmtpOutboundEmailClientTests.SendAsync_builds_mime_message_and_sends_through_configured_smtp_transport" computerName="JKPHVQ1XK9" duration="00:00:00.0065192" startTime="2026-05-28T08:09:03.7302770-07:00" endTime="2026-05-28T08:09:03.7362650-07:00" testType="13cdc9d9-ddb5-4fa4-a97d-d965ccfc6d4b" outcome="Passed" testListId="8c84fa94-04c1-424b-9868-57a2d4851a1d" relativeResultsDirectory="7b765668-7494-4d7a-a097-ad3b95380d2c" />
    <UnitTestResult executionId="1590f4d6-af8d-45bf-ae7f-67340a8a418c" testId="4a7fd633-6c1c-c6fa-73e6-fd881213d554" testName="server.tests.Services.OutboundMessageQueueTests.EnqueueAsync_skips_duplicate_dedupe_keys_within_same_batch" computerName="JKPHVQ1XK9" duration="00:00:00.0044889" startTime="2026-05-28T08:09:04.3378440-07:00" endTime="2026-05-28T08:09:04.3423640-07:00" testType="13cdc9d9-ddb5-4fa4-a97d-d965ccfc6d4b" outcome="Passed" testListId="8c84fa94-04c1-424b-9868-57a2d4851a1d" relativeResultsDirectory="1590f4d6-af8d-45bf-ae7f-67340a8a418c" />
    <UnitTestResult executionId="88c70bb5-a3ed-43d4-8826-36af7a4864a6" testId="f491b2fa-a17a-ed94-f311-af7c1ac729b3" testName="server.tests.Services.OutboundMessageSenderTests.ProcessDueAsync_marks_unsupported_channels_dead_letter" computerName="JKPHVQ1XK9" duration="00:00:00.0013581" startTime="2026-05-28T08:09:03.7536270-07:00" endTime="2026-05-28T08:09:03.7541820-07:00" testType="13cdc9d9-ddb5-4fa4-a97d-d965ccfc6d4b" outcome="Passed" testListId="8c84fa94-04c1-424b-9868-57a2d4851a1d" relativeResultsDirectory="88c70bb5-a3ed-43d4-8826-36af7a4864a6" />
    <UnitTestResult executionId="f2d0714a-fb7c-44b9-b67e-61526c0ff3b9" testId="2b930fef-2366-8f86-c774-51ca9b5a52f3" testName="server.tests.Services.SmtpOutboundEmailClientTests.Constructor_fails_when_smtp_configuration_is_incomplete" computerName="JKPHVQ1XK9" duration="00:00:00.0009107" startTime="2026-05-28T08:09:03.7368580-07:00" endTime="2026-05-28T08:09:03.7377210-07:00" testType="13cdc9d9-ddb5-4fa4-a97d-d965ccfc6d4b" outcome="Passed" testListId="8c84fa94-04c1-424b-9868-57a2d4851a1d" relativeResultsDirectory="f2d0714a-fb7c-44b9-b67e-61526c0ff3b9" />
    <UnitTestResult executionId="4655a86e-1ef0-44f6-b421-80cda696125e" testId="be877471-efef-5699-54bb-e8f7a9e44b6b" testName="server.tests.Controllers.AccountControllerTests.Login_pm_signs_in_with_cookie_and_redirects" computerName="JKPHVQ1XK9" duration="00:00:00.0008478" startTime="2026-05-28T08:09:03.7444920-07:00" endTime="2026-05-28T08:09:03.7453170-07:00" testType="13cdc9d9-ddb5-4fa4-a97d-d965ccfc6d4b" outcome="Passed" testListId="8c84fa94-04c1-424b-9868-57a2d4851a1d" relativeResultsDirectory="4655a86e-1ef0-44f6-b421-80cda696125e" />
    <UnitTestResult executionId="ef777138-514a-47e3-a28c-5c18838248f2" testId="50cdba54-ea7b-5323-955c-1912a8f5fe00" testName="server.tests.Services.AccrualNotificationGeneratorTests.GenerateMonthlyAsync_returns_no_snapshot_without_querying_viewers_or_queue" computerName="JKPHVQ1XK9" duration="00:00:00.0004257" startTime="2026-05-28T08:09:03.7236840-07:00" endTime="2026-05-28T08:09:03.7240410-07:00" testType="13cdc9d9-ddb5-4fa4-a97d-d965ccfc6d4b" outcome="Passed" testListId="8c84fa94-04c1-424b-9868-57a2d4851a1d" relativeResultsDirectory="ef777138-514a-47e3-a28c-5c18838248f2" />
    <UnitTestResult executionId="eef9b79d-62b2-476d-9e5d-ae05a3af9921" testId="1ab1ccf9-27d9-7475-236f-3a238de5fa1d" testName="server.tests.Services.AccrualOutboundMessageRendererTests.RenderAsync_renders_each_employee_template_key(templateKey: &quot;accrual.employee.faculty-academic.v1&quot;, employeeGroup: &quot;FacultyAcademic&quot;, expectedMessage: &quot;work with your department chair&quot;)" computerName="JKPHVQ1XK9" duration="00:00:00.0113159" startTime="2026-05-28T08:09:03.6025040-07:00" endTime="2026-05-28T08:09:03.6136990-07:00" testType="13cdc9d9-ddb5-4fa4-a97d-d965ccfc6d4b" outcome="Passed" testListId="8c84fa94-04c1-424b-9868-57a2d4851a1d" relativeResultsDirectory="eef9b79d-62b2-476d-9e5d-ae05a3af9921" />
    <UnitTestResult executionId="2a1bf048-27f9-4ab3-98e5-dee1c4958c07" testId="1e3355fa-5af5-3470-1b05-f473b41921c5" testName="server.tests.Services.UserServiceTests.RemoveRoleFromUserAsync_removes_all_permissions_for_role_and_returns_true" computerName="JKPHVQ1XK9" duration="00:00:00.0147509" startTime="2026-05-28T08:09:03.7428100-07:00" endTime="2026-05-28T08:09:03.7571400-07:00" testType="13cdc9d9-ddb5-4fa4-a97d-d965ccfc6d4b" outcome="Passed" testListId="8c84fa94-04c1-424b-9868-57a2d4851a1d" relativeResultsDirectory="2a1bf048-27f9-4ab3-98e5-dee1c4958c07" />
    <UnitTestResult executionId="7764cd7c-ac44-44e5-8b8a-b5ea1e4f55ea" testId="5873492c-43fb-b022-e9bb-2feac786b12f" testName="server.tests.Services.AccrualOverviewCalculatorTests.BuildNotificationCandidates_returns_one_candidate_per_eligible_latest_employee" computerName="JKPHVQ1XK9" duration="00:00:00.0033350" startTime="2026-05-28T08:09:03.4969550-07:00" endTime="2026-05-28T08:09:03.5002250-07:00" testType="13cdc9d9-ddb5-4fa4-a97d-d965ccfc6d4b" outcome="Passed" testListId="8c84fa94-04c1-424b-9868-57a2d4851a1d" relativeResultsDirectory="7764cd7c-ac44-44e5-8b8a-b5ea1e4f55ea" />
    <UnitTestResult executionId="09d69ed7-b8ae-49ee-9ef9-40ea97751774" testId="5a128dff-0472-411a-e5a8-13329b7880c4" testName="server.tests.Services.OutboundMessageSenderTests.ProcessDueAsync_renders_sends_and_marks_message_sent" computerName="JKPHVQ1XK9" duration="00:00:00.0010259" startTime="2026-05-28T08:09:03.7579750-07:00" endTime="2026-05-28T08:09:03.7589480-07:00" testType="13cdc9d9-ddb5-4fa4-a97d-d965ccfc6d4b" outcome="Passed" testListId="8c84fa94-04c1-424b-9868-57a2d4851a1d" relativeResultsDirectory="09d69ed7-b8ae-49ee-9ef9-40ea97751774" />
    <UnitTestResult executionId="d45b5220-6d9f-44c2-9a11-9c31babce72e" testId="b2fba366-2d8a-1931-8af3-07d238d3e36f" testName="server.tests.Controllers.NotificationControllerTests.Update_persists_message_and_stamps_audit_fields" computerName="JKPHVQ1XK9" duration="00:00:00.0077228" startTime="2026-05-28T08:09:03.7381660-07:00" endTime="2026-05-28T08:09:03.7457290-07:00" testType="13cdc9d9-ddb5-4fa4-a97d-d965ccfc6d4b" outcome="Passed" testListId="8c84fa94-04c1-424b-9868-57a2d4851a1d" relativeResultsDirectory="d45b5220-6d9f-44c2-9a11-9c31babce72e" />
    <UnitTestResult executionId="98c55eb3-2504-456d-9665-e2ba12f65899" testId="79b270f2-765f-5bfa-2bac-7f130cf10a9a" testName="server.tests.Services.AccrualNotificationMessageBuilderTests.BuildViewerReportMessages_skips_recipients_with_invalid_email" computerName="JKPHVQ1XK9" duration="00:00:00.0078334" startTime="2026-05-28T08:09:03.4235300-07:00" endTime="2026-05-28T08:09:03.4277070-07:00" testType="13cdc9d9-ddb5-4fa4-a97d-d965ccfc6d4b" outcome="Passed" testListId="8c84fa94-04c1-424b-9868-57a2d4851a1d" relativeResultsDirectory="98c55eb3-2504-456d-9665-e2ba12f65899" />
    <UnitTestResult executionId="5d342075-0664-4ead-ad06-373c14d6ed4c" testId="e45d87ef-e8ab-75de-7d58-ec0f2870620f" testName="server.tests.Services.SmtpOutboundEmailClientTests.Constructor_fails_when_secure_socket_mode_is_invalid" computerName="JKPHVQ1XK9" duration="00:00:00.0004671" startTime="2026-05-28T08:09:03.7378900-07:00" endTime="2026-05-28T08:09:03.7381910-07:00" testType="13cdc9d9-ddb5-4fa4-a97d-d965ccfc6d4b" outcome="Passed" testListId="8c84fa94-04c1-424b-9868-57a2d4851a1d" relativeResultsDirectory="5d342075-0664-4ead-ad06-373c14d6ed4c" />
    <UnitTestResult executionId="c3250e7d-e1b0-4060-90d0-0fec9e00da28" testId="955151bf-fc3b-2308-86dc-dc3272630e11" testName="server.tests.Services.AccrualOverviewCalculatorTests.Build_treats_employees_at_or_above_96_percent_as_at_cap" computerName="JKPHVQ1XK9" duration="00:00:00.0003678" startTime="2026-05-28T08:09:03.4056840-07:00" endTime="2026-05-28T08:09:03.4059970-07:00" testType="13cdc9d9-ddb5-4fa4-a97d-d965ccfc6d4b" outcome="Passed" testListId="8c84fa94-04c1-424b-9868-57a2d4851a1d" relativeResultsDirectory="c3250e7d-e1b0-4060-90d0-0fec9e00da28" />
    <UnitTestResult executionId="c28e0eeb-dc0a-41bc-8ec2-c74142b74dc7" testId="1b310d23-7cd3-1b1c-dbe4-8cf8e68ec497" testName="server.tests.Services.AccrualNotificationMessageBuilderTests.BuildEmployeeMessages_creates_employee_drafts_with_template_key_dedupe_key_and_payload" computerName="JKPHVQ1XK9" duration="00:00:00.0008148" startTime="2026-05-28T08:09:03.7538060-07:00" endTime="2026-05-28T08:09:03.7543980-07:00" testType="13cdc9d9-ddb5-4fa4-a97d-d965ccfc6d4b" outcome="Passed" testListId="8c84fa94-04c1-424b-9868-57a2d4851a1d" relativeResultsDirectory="c28e0eeb-dc0a-41bc-8ec2-c74142b74dc7" />
    <UnitTestResult executionId="cdfde1af-4b32-4921-9588-a79246741769" testId="abe69e24-4827-375d-adba-f7a51f985f49" testName="server.tests.Controllers.ProjectControllerTests.GetManagedFaculty_returns_empty_array_when_user_lacks_financial_access" computerName="JKPHVQ1XK9" duration="00:00:00.2946327" startTime="2026-05-28T08:09:03.3869430-07:00" endTime="2026-05-28T08:09:03.6726510-07:00" testType="13cdc9d9-ddb5-4fa4-a97d-d965ccfc6d4b" outcome="Passed" testListId="8c84fa94-04c1-424b-9868-57a2d4851a1d" relativeResultsDirectory="cdfde1af-4b32-4921-9588-a79246741769" />
    <UnitTestResult executionId="52238fb8-5c7f-4db8-825b-0a43eacf0f5a" testId="7f7d329f-cdff-a166-4a9c-79202a4c4530" testName="server.tests.Controllers.AdminUsersControllerTests.AssignRole_rejects_when_iam_kerberos_is_missing" computerName="JKPHVQ1XK9" duration="00:00:00.3148785" startTime="2026-05-28T08:09:03.3869220-07:00" endTime="2026-05-28T08:09:03.6929760-07:00" testType="13cdc9d9-ddb5-4fa4-a97d-d965ccfc6d4b" outcome="Passed" testListId="8c84fa94-04c1-424b-9868-57a2d4851a1d" relativeResultsDirectory="52238fb8-5c7f-4db8-825b-0a43eacf0f5a" />
    <UnitTestResult executionId="52bee1c1-cab9-4c9f-8f51-12c5de7226a0" testId="54d63251-4e28-2e05-6fdf-ba93c6321c4c" testName="server.tests.Controllers.AdminUsersControllerTests.AssignRole_upserts_user_and_assigns_role" computerName="JKPHVQ1XK9" duration="00:00:00.0653963" startTime="2026-05-28T08:09:03.6944530-07:00" endTime="2026-05-28T08:09:03.7596570-07:00" testType="13cdc9d9-ddb5-4fa4-a97d-d965ccfc6d4b" outcome="Passed" testListId="8c84fa94-04c1-424b-9868-57a2d4851a1d" relativeResultsDirectory="52bee1c1-cab9-4c9f-8f51-12c5de7226a0" />
    <UnitTestResult executionId="2de43295-310a-4a74-9a87-21616405d34c" testId="6255b1a9-b1b6-ee23-3090-80e97ff43934" testName="server.tests.Controllers.AccountControllerTests.Login_self_challenges_oidc" computerName="JKPHVQ1XK9" duration="00:00:00.0005112" startTime="2026-05-28T08:09:03.7523940-07:00" endTime="2026-05-28T08:09:03.7536470-07:00" testType="13cdc9d9-ddb5-4fa4-a97d-d965ccfc6d4b" outcome="Passed" testListId="8c84fa94-04c1-424b-9868-57a2d4851a1d" relativeResultsDirectory="2de43295-310a-4a74-9a87-21616405d34c" />
    <UnitTestResult executionId="6aec6ff9-be61-4244-9434-262c47129a93" testId="781740eb-f60b-169a-6049-146c8556a722" testName="server.tests.Controllers.NotificationControllerTests.Get_returns_persisted_message" computerName="JKPHVQ1XK9" duration="00:00:00.0078707" startTime="2026-05-28T08:09:03.7462340-07:00" endTime="2026-05-28T08:09:03.7538650-07:00" testType="13cdc9d9-ddb5-4fa4-a97d-d965ccfc6d4b" outcome="Passed" testListId="8c84fa94-04c1-424b-9868-57a2d4851a1d" relativeResultsDirectory="6aec6ff9-be61-4244-9434-262c47129a93" />
    <UnitTestResult executionId="a2f2b1d1-ceaf-4520-a653-f93b47f4a2a4" testId="765f13f2-bbdf-1692-ea24-1aa1e3ffd4a0" testName="server.tests.Services.AccrualNotificationMessageBuilderTests.BuildEmployeeMessages_skips_candidates_with_invalid_email" computerName="JKPHVQ1XK9" duration="00:00:00.0412955" startTime="2026-05-28T08:09:03.3868650-07:00" endTime="2026-05-28T08:09:03.4192860-07:00" testType="13cdc9d9-ddb5-4fa4-a97d-d965ccfc6d4b" outcome="Passed" testListId="8c84fa94-04c1-424b-9868-57a2d4851a1d" relativeResultsDirectory="a2f2b1d1-ceaf-4520-a653-f93b47f4a2a4" />
    <UnitTestResult executionId="89e96413-f0d9-4659-881e-3ad355db0859" testId="42dd5fa8-6a3b-2ec6-7968-647d203ca2c7" testName="server.tests.Services.UserServiceTests.RemoveRoleFromUserAsync_is_idempotent" computerName="JKPHVQ1XK9" duration="00:00:00.0009711" startTime="2026-05-28T08:09:03.7572440-07:00" endTime="2026-05-28T08:09:03.7581170-07:00" testType="13cdc9d9-ddb5-4fa4-a97d-d965ccfc6d4b" outcome="Passed" testListId="8c84fa94-04c1-424b-9868-57a2d4851a1d" relativeResultsDirectory="89e96413-f0d9-4659-881e-3ad355db0859" />
    <UnitTestResult executionId="b8c5e166-5d70-4897-91c5-628463652397" testId="a3591d16-83f9-4786-aeb0-2a24b9199660" testName="server.tests.Controllers.SearchControllerTests.ResolvePersonByDirectoryId_reports_is_project_manager_when_employee_manages_projects" computerName="JKPHVQ1XK9" duration="00:00:00.0012939" startTime="2026-05-28T08:09:03.7102900-07:00" endTime="2026-05-28T08:09:03.7103140-07:00" testType="13cdc9d9-ddb5-4fa4-a97d-d965ccfc6d4b" outcome="Passed" testListId="8c84fa94-04c1-424b-9868-57a2d4851a1d" relativeResultsDirectory="b8c5e166-5d70-4897-91c5-628463652397" />
    <UnitTestResult executionId="d740e1e4-42ba-4156-97af-2e3f1ceaf0da" testId="2bf4f962-f5d2-dde2-f251-c68c2fbe38a7" testName="server.tests.Services.OutboundMessageQueueTests.EnqueueAsync_recovers_from_concurrent_dedupe_key_conflict_and_preserves_valid_rows" computerName="JKPHVQ1XK9" duration="00:00:00.5750626" startTime="2026-05-28T08:09:03.7609870-07:00" endTime="2026-05-28T08:09:04.3371490-07:00" testType="13cdc9d9-ddb5-4fa4-a97d-d965ccfc6d4b" outcome="Passed" testListId="8c84fa94-04c1-424b-9868-57a2d4851a1d" relativeResultsDirectory="d740e1e4-42ba-4156-97af-2e3f1ceaf0da" />
    <UnitTestResult executionId="f0bcb7cc-34c4-4429-8f3e-328fe8063e87" testId="4a101a2c-6676-a7dc-7888-7e80c0e1a3d4" testName="server.tests.Data.DbInitializerTests.InitializeAsync_in_development_seeds_fake_accrual_viewer_idempotently" computerName="JKPHVQ1XK9" duration="00:00:00.0833455" startTime="2026-05-28T08:09:03.6770000-07:00" endTime="2026-05-28T08:09:03.7599830-07:00" testType="13cdc9d9-ddb5-4fa4-a97d-d965ccfc6d4b" outcome="Passed" testListId="8c84fa94-04c1-424b-9868-57a2d4851a1d" relativeResultsDirectory="f0bcb7cc-34c4-4429-8f3e-328fe8063e87" />
    <UnitTestResult executionId="d49d53b6-1e97-4b5e-8b7c-0e8fc130395b" testId="180a1279-035a-6685-2d5a-c675a320cef6" testName="server.tests.Services.OutboundMessageSenderTests.ProcessDueAsync_renews_before_send_when_lock_is_near_expiry" computerName="JKPHVQ1XK9" duration="00:00:00.0201866" startTime="2026-05-28T08:09:03.3869540-07:00" endTime="2026-05-28T08:09:03.4009670-07:00" testType="13cdc9d9-ddb5-4fa4-a97d-d965ccfc6d4b" outcome="Passed" testListId="8c84fa94-04c1-424b-9868-57a2d4851a1d" relativeResultsDirectory="d49d53b6-1e97-4b5e-8b7c-0e8fc130395b" />
    <UnitTestResult executionId="5e32836b-946d-4065-bf1e-b4424f2fdd22" testId="f02b5436-ad09-c07d-bbe5-8d4c32482ced" testName="server.tests.Services.AccrualOutboundMessageRendererTests.RenderAsync_renders_viewer_report_with_button_when_app_base_url_is_valid" computerName="JKPHVQ1XK9" duration="00:00:00.0203677" startTime="2026-05-28T08:09:03.6563030-07:00" endTime="2026-05-28T08:09:03.6761990-07:00" testType="13cdc9d9-ddb5-4fa4-a97d-d965ccfc6d4b" outcome="Passed" testListId="8c84fa94-04c1-424b-9868-57a2d4851a1d" relativeResultsDirectory="5e32836b-946d-4065-bf1e-b4424f2fdd22" />
    <UnitTestResult executionId="c745640b-5cca-411e-9003-9e3c13527303" testId="dd74d539-4889-7856-bfb6-3b10ab1f961d" testName="server.tests.Services.AccrualOverviewCalculatorTests.Build_uses_latest_month_snapshot_and_deduplicates_employee_rows" computerName="JKPHVQ1XK9" duration="00:00:00.0009334" startTime="2026-05-28T08:09:03.5003340-07:00" endTime="2026-05-28T08:09:03.5012170-07:00" testType="13cdc9d9-ddb5-4fa4-a97d-d965ccfc6d4b" outcome="Passed" testListId="8c84fa94-04c1-424b-9868-57a2d4851a1d" relativeResultsDirectory="c745640b-5cca-411e-9003-9e3c13527303" />
    <UnitTestResult executionId="f066463e-3c8c-4a5d-84ea-cdcadda54b2f" testId="85cdd7d2-1b62-c061-824a-519ef476b92e" testName="server.tests.Controllers.SearchControllerTests.GetCatalog_includes_accruals_report_when_user_has_accrual_viewer_role" computerName="JKPHVQ1XK9" duration="00:00:00.0006470" startTime="2026-05-28T08:09:03.7103700-07:00" endTime="2026-05-28T08:09:03.7103920-07:00" testType="13cdc9d9-ddb5-4fa4-a97d-d965ccfc6d4b" outcome="Passed" testListId="8c84fa94-04c1-424b-9868-57a2d4851a1d" relativeResultsDirectory="f066463e-3c8c-4a5d-84ea-cdcadda54b2f" />
    <UnitTestResult executionId="afa25acc-b50d-4e6c-b54e-3285b4c5b8d6" testId="598663c2-9205-c050-896a-8723ca79e0ab" testName="server.tests.Controllers.NotificationControllerTests.Update_rejects_message_above_max_length" computerName="JKPHVQ1XK9" duration="00:00:00.0005578" startTime="2026-05-28T08:09:03.7541600-07:00" endTime="2026-05-28T08:09:03.7542520-07:00" testType="13cdc9d9-ddb5-4fa4-a97d-d965ccfc6d4b" outcome="Passed" testListId="8c84fa94-04c1-424b-9868-57a2d4851a1d" relativeResultsDirectory="afa25acc-b50d-4e6c-b54e-3285b4c5b8d6" />
    <UnitTestResult executionId="4486491f-47bc-4958-adfa-2c837845dc83" testId="6251efdc-834d-1328-4b76-9e485439fce0" testName="server.tests.HealthChecks.DmConnectivityHealthCheckTests.TryParseDmConnectivityResult_is_case_insensitive_and_converts_numeric_types" computerName="JKPHVQ1XK9" duration="00:00:00.0001330" startTime="2026-05-28T08:09:03.7193050-07:00" endTime="2026-05-28T08:09:03.7194010-07:00" testType="13cdc9d9-ddb5-4fa4-a97d-d965ccfc6d4b" outcome="Passed" testListId="8c84fa94-04c1-424b-9868-57a2d4851a1d" relativeResultsDirectory="4486491f-47bc-4958-adfa-2c837845dc83" />
    <UnitTestResult executionId="5489402e-fa3c-4c0a-ae28-d6c1a654e9b0" testId="4da82d11-4d5f-31e5-c74e-8eb69da16f46" testName="server.tests.Services.AccrualOverviewCalculatorTests.GetAssumptions_returns_centralized_settings" computerName="JKPHVQ1XK9" duration="00:00:00.0034501" startTime="2026-05-28T08:09:03.4934190-07:00" endTime="2026-05-28T08:09:03.4968480-07:00" testType="13cdc9d9-ddb5-4fa4-a97d-d965ccfc6d4b" outcome="Passed" testListId="8c84fa94-04c1-424b-9868-57a2d4851a1d" relativeResultsDirectory="5489402e-fa3c-4c0a-ae28-d6c1a654e9b0" />
    <UnitTestResult executionId="2b93c0ff-6d68-4726-ab96-7d26527b74c4" testId="e1f7dd6e-5c41-86fb-7e3f-89b8d19d6034" testName="server.tests.Services.AccrualOverviewCalculatorTests.Build_carries_forward_previous_month_employees_missing_from_latest_month" computerName="JKPHVQ1XK9" duration="00:00:00.0806005" startTime="2026-05-28T08:09:03.4065840-07:00" endTime="2026-05-28T08:09:03.4872200-07:00" testType="13cdc9d9-ddb5-4fa4-a97d-d965ccfc6d4b" outcome="Passed" testListId="8c84fa94-04c1-424b-9868-57a2d4851a1d" relativeResultsDirectory="2b93c0ff-6d68-4726-ab96-7d26527b74c4" />
    <UnitTestResult executionId="dcaaa85d-bfad-4f79-9073-45f2234f01a4" testId="a0043863-5cb6-2337-7f31-be23f12dcd62" testName="server.tests.Services.OutboundMessageSenderTests.ProcessDueAsync_marks_retry_when_send_fails_before_max_attempts" computerName="JKPHVQ1XK9" duration="00:00:00.0014005" startTime="2026-05-28T08:09:03.7542340-07:00" endTime="2026-05-28T08:09:03.7554880-07:00" testType="13cdc9d9-ddb5-4fa4-a97d-d965ccfc6d4b" outcome="Passed" testListId="8c84fa94-04c1-424b-9868-57a2d4851a1d" relativeResultsDirectory="dcaaa85d-bfad-4f79-9073-45f2234f01a4" />
    <UnitTestResult executionId="ae043d2e-b878-463f-9c35-b30dc1c68e53" testId="9a0082be-5784-7095-0590-ba4ea921f788" testName="server.tests.Services.AccrualOverviewCalculatorTests.BuildNotificationCandidates_maps_employee_groups_from_normalized_classifications" computerName="JKPHVQ1XK9" duration="00:00:00.0025259" startTime="2026-05-28T08:09:03.4893170-07:00" endTime="2026-05-28T08:09:03.4917490-07:00" testType="13cdc9d9-ddb5-4fa4-a97d-d965ccfc6d4b" outcome="Passed" testListId="8c84fa94-04c1-424b-9868-57a2d4851a1d" relativeResultsDirectory="ae043d2e-b878-463f-9c35-b30dc1c68e53" />
    <UnitTestResult executionId="40564b2b-4c4b-4ffa-8819-3308141e6db1" testId="2a97e639-0266-2a0c-fb1b-8ea08cb86882" testName="server.tests.Services.UserServiceTests.AddRoleToUserAsync_is_idempotent" computerName="JKPHVQ1XK9" duration="00:00:00.0022175" startTime="2026-05-28T08:09:03.7598260-07:00" endTime="2026-05-28T08:09:03.7619900-07:00" testType="13cdc9d9-ddb5-4fa4-a97d-d965ccfc6d4b" outcome="Passed" testListId="8c84fa94-04c1-424b-9868-57a2d4851a1d" relativeResultsDirectory="40564b2b-4c4b-4ffa-8819-3308141e6db1" />
    <UnitTestResult executionId="cd3f1fce-03e3-4e49-9536-5f44f9093201" testId="f6f4e12a-6891-f5bd-a973-71f523948461" testName="server.tests.Services.AccrualNotificationMessageBuilderTests.BuildViewerReportMessages_creates_viewer_report_drafts_with_payload" computerName="JKPHVQ1XK9" duration="00:00:00.0008779" startTime="2026-05-28T08:09:03.7535010-07:00" endTime="2026-05-28T08:09:03.7537610-07:00" testType="13cdc9d9-ddb5-4fa4-a97d-d965ccfc6d4b" outcome="Passed" testListId="8c84fa94-04c1-424b-9868-57a2d4851a1d" relativeResultsDirectory="cd3f1fce-03e3-4e49-9536-5f44f9093201" />
    <UnitTestResult executionId="d9ab45fb-6405-4b53-a3ee-5f1f4f57d006" testId="bfebdca1-5a04-aef5-0ba0-cc559515dfbe" testName="server.tests.Controllers.NotificationControllerTests.Get_returns_seeded_singleton_disabled_by_default" computerName="JKPHVQ1XK9" duration="00:00:00.3600241" startTime="2026-05-28T08:09:03.3869630-07:00" endTime="2026-05-28T08:09:03.7380830-07:00" testType="13cdc9d9-ddb5-4fa4-a97d-d965ccfc6d4b" outcome="Passed" testListId="8c84fa94-04c1-424b-9868-57a2d4851a1d" relativeResultsDirectory="d9ab45fb-6405-4b53-a3ee-5f1f4f57d006" />
    <UnitTestResult executionId="9bf51734-d6e4-44d7-9014-507c2c299c06" testId="02b3fde2-7f9a-c92a-4e47-60f5da7c7bb8" testName="server.tests.HealthChecks.DmConnectivityHealthCheckTests.TryParseDmConnectivityResult_returns_false_when_shape_is_unexpected" computerName="JKPHVQ1XK9" duration="00:00:00.0000493" startTime="2026-05-28T08:09:03.7194490-07:00" endTime="2026-05-28T08:09:03.7194700-07:00" testType="13cdc9d9-ddb5-4fa4-a97d-d965ccfc6d4b" outcome="Passed" testListId="8c84fa94-04c1-424b-9868-57a2d4851a1d" relativeResultsDirectory="9bf51734-d6e4-44d7-9014-507c2c299c06" />
    <UnitTestResult executionId="b40c502b-9388-4f95-83ad-6744e5d4eb66" testId="0a73b305-c651-76f5-bc58-b394b21b692f" testName="server.tests.Controllers.AdminEmailPreviewControllerTests.Render_returns_bad_request_when_renderer_rejects_input" computerName="JKPHVQ1XK9" duration="00:00:00.0012430" startTime="2026-05-28T08:09:03.6741660-07:00" endTime="2026-05-28T08:09:03.6754420-07:00" testType="13cdc9d9-ddb5-4fa4-a97d-d965ccfc6d4b" outcome="Passed" testListId="8c84fa94-04c1-424b-9868-57a2d4851a1d" relativeResultsDirectory="b40c502b-9388-4f95-83ad-6744e5d4eb66" />
    <UnitTestResult executionId="102b129c-bc44-492d-bce8-317b4dde5cab" testId="d93e6028-c6ce-2f02-ce99-4e97c6d1ba1c" testName="server.tests.Controllers.SearchControllerTests.GetCatalog_includes_accruals_report_when_user_is_admin" computerName="JKPHVQ1XK9" duration="00:00:00.0021801" startTime="2026-05-28T08:09:03.7007540-07:00" endTime="2026-05-28T08:09:03.7007750-07:00" testType="13cdc9d9-ddb5-4fa4-a97d-d965ccfc6d4b" outcome="Passed" testListId="8c84fa94-04c1-424b-9868-57a2d4851a1d" relativeResultsDirectory="102b129c-bc44-492d-bce8-317b4dde5cab" />
    <UnitTestResult executionId="bb375a75-9dcd-4f3f-8d84-d7ab35834101" testId="bf754b4e-b18b-8004-e08e-b60200a6f5de" testName="server.tests.Services.AccrualOverviewCalculatorTests.BuildNotificationCandidates_uses_most_recent_non_empty_email_from_employee_history" computerName="JKPHVQ1XK9" duration="00:00:00.0002754" startTime="2026-05-28T08:09:03.4933400-07:00" endTime="2026-05-28T08:09:03.4933650-07:00" testType="13cdc9d9-ddb5-4fa4-a97d-d965ccfc6d4b" outcome="Passed" testListId="8c84fa94-04c1-424b-9868-57a2d4851a1d" relativeResultsDirectory="bb375a75-9dcd-4f3f-8d84-d7ab35834101" />
    <UnitTestResult executionId="7e09a53a-3efe-4c7c-abf4-fcc10ab32cf2" testId="ff460a5c-94d9-1bfd-6c71-b7390315f5a8" testName="server.tests.Services.OutboundMessageQueueTests.RenewLockAsync_extends_only_matching_processing_lock" computerName="JKPHVQ1XK9" duration="00:00:00.0059288" startTime="2026-05-28T08:09:04.3467890-07:00" endTime="2026-05-28T08:09:04.3525840-07:00" testType="13cdc9d9-ddb5-4fa4-a97d-d965ccfc6d4b" outcome="Passed" testListId="8c84fa94-04c1-424b-9868-57a2d4851a1d" relativeResultsDirectory="7e09a53a-3efe-4c7c-abf4-fcc10ab32cf2" />
    <UnitTestResult executionId="78b0cc6c-66a8-49f1-8329-140e3a7d358a" testId="1991a410-a1e2-ff8a-76f5-ceebd1b07597" testName="server.tests.Services.OutboundMessageQueueTests.ClaimAsync_claims_due_pending_retry_and_stale_processing_messages" computerName="JKPHVQ1XK9" duration="00:00:00.0053991" startTime="2026-05-28T08:09:04.3527420-07:00" endTime="2026-05-28T08:09:04.3580560-07:00" testType="13cdc9d9-ddb5-4fa4-a97d-d965ccfc6d4b" outcome="Passed" testListId="8c84fa94-04c1-424b-9868-57a2d4851a1d" relativeResultsDirectory="78b0cc6c-66a8-49f1-8329-140e3a7d358a" />
    <UnitTestResult executionId="962db965-1978-41e9-b0bd-d840fe92113f" testId="326b910c-a65f-506d-0589-634625f1fb65" testName="server.tests.Services.OutboundMessageQueueTests.MarkSentAsync_updates_only_matching_lock" computerName="JKPHVQ1XK9" duration="00:00:00.0008519" startTime="2026-05-28T08:09:03.7603940-07:00" endTime="2026-05-28T08:09:03.7609180-07:00" testType="13cdc9d9-ddb5-4fa4-a97d-d965ccfc6d4b" outcome="Passed" testListId="8c84fa94-04c1-424b-9868-57a2d4851a1d" relativeResultsDirectory="962db965-1978-41e9-b0bd-d840fe92113f" />
    <UnitTestResult executionId="a8c0f045-e8bb-49a9-82ca-a2aae33d74c6" testId="f7ce7fe7-973d-30bf-e107-9f6d903af10d" testName="server.tests.Services.IdentityServiceTests.GetKerberosByIamId_returns_user_id_from_kerberos_response" computerName="JKPHVQ1XK9" duration="00:00:00.0183116" startTime="2026-05-28T08:09:03.7051490-07:00" endTime="2026-05-28T08:09:03.7184320-07:00" testType="13cdc9d9-ddb5-4fa4-a97d-d965ccfc6d4b" outcome="Passed" testListId="8c84fa94-04c1-424b-9868-57a2d4851a1d" relativeResultsDirectory="a8c0f045-e8bb-49a9-82ca-a2aae33d74c6" />
    <UnitTestResult executionId="bc2f3a08-f38f-4d3f-a62c-7440a09e1333" testId="848c00bd-d10f-2015-ff4d-0431f5ac3a9a" testName="server.tests.Services.GraphServiceTests.BuildValidSearchResults_dedupes_sorts_and_limits_to_five" computerName="JKPHVQ1XK9" duration="00:00:00.0029901" startTime="2026-05-28T08:09:03.5261410-07:00" endTime="2026-05-28T08:09:03.5289860-07:00" testType="13cdc9d9-ddb5-4fa4-a97d-d965ccfc6d4b" outcome="Passed" testListId="8c84fa94-04c1-424b-9868-57a2d4851a1d" relativeResultsDirectory="bc2f3a08-f38f-4d3f-a62c-7440a09e1333" />
    <UnitTestResult executionId="1e9fa7d5-c051-4f98-b06f-b49ceecb7085" testId="a2ae90aa-0b2f-bc02-90ac-682fa22618dc" testName="server.tests.Controllers.AdminUsersControllerTests.AssignRole_rejects_unassignable_roles" computerName="JKPHVQ1XK9" duration="00:00:00.0013747" startTime="2026-05-28T08:09:03.6931470-07:00" endTime="2026-05-28T08:09:03.6942700-07:00" testType="13cdc9d9-ddb5-4fa4-a97d-d965ccfc6d4b" outcome="Passed" testListId="8c84fa94-04c1-424b-9868-57a2d4851a1d" relativeResultsDirectory="1e9fa7d5-c051-4f98-b06f-b49ceecb7085" />
    <UnitTestResult executionId="ed0cc408-0a94-444f-bd68-68cae2be9de5" testId="859e92f7-1bba-194a-368f-f121529264ea" testName="server.tests.Controllers.SystemControllerTests.GetRumConfig_disables_payload_when_server_url_is_missing_and_falls_back_for_invalid_sample_rate" computerName="JKPHVQ1XK9" duration="00:00:00.0061949" startTime="2026-05-28T08:09:03.7514530-07:00" endTime="2026-05-28T08:09:03.7529040-07:00" testType="13cdc9d9-ddb5-4fa4-a97d-d965ccfc6d4b" outcome="Passed" testListId="8c84fa94-04c1-424b-9868-57a2d4851a1d" relativeResultsDirectory="ed0cc408-0a94-444f-bd68-68cae2be9de5" />
    <UnitTestResult executionId="5b9042d3-192f-4828-b4ff-6e6b465533b9" testId="8309b39a-0192-a904-6f7d-3aa36c9daec0" testName="server.tests.HealthChecks.DmConnectivityHealthCheckTests.TryParseDmConnectivityResult_parses_expected_shape" computerName="JKPHVQ1XK9" duration="00:00:00.0005419" startTime="2026-05-28T08:09:03.7190990-07:00" endTime="2026-05-28T08:09:03.7192440-07:00" testType="13cdc9d9-ddb5-4fa4-a97d-d965ccfc6d4b" outcome="Passed" testListId="8c84fa94-04c1-424b-9868-57a2d4851a1d" relativeResultsDirectory="5b9042d3-192f-4828-b4ff-6e6b465533b9" />
    <UnitTestResult executionId="ad75b522-325e-4847-8acc-711c775f36d7" testId="0a27735b-d369-693a-f5bf-68d45014ac9c" testName="server.tests.Controllers.SearchControllerTests.GetCatalog_excludes_all_reports_entry_when_user_has_no_reports" computerName="JKPHVQ1XK9" duration="00:00:00.0007032" startTime="2026-05-28T08:09:03.7101330-07:00" endTime="2026-05-28T08:09:03.7101940-07:00" testType="13cdc9d9-ddb5-4fa4-a97d-d965ccfc6d4b" outcome="Passed" testListId="8c84fa94-04c1-424b-9868-57a2d4851a1d" relativeResultsDirectory="ad75b522-325e-4847-8acc-711c775f36d7" />
    <UnitTestResult executionId="e810a6f7-5c29-47ef-8eb0-b623351b604c" testId="3f75d682-dd3f-7f9d-390f-a60f01bf932c" testName="server.tests.Services.AccrualOverviewCalculatorTests.BuildDepartmentDetail_returns_summary_and_employees_for_department_code" computerName="JKPHVQ1XK9" duration="00:00:00.0061902" startTime="2026-05-28T08:09:03.4046200-07:00" endTime="2026-05-28T08:09:03.4055950-07:00" testType="13cdc9d9-ddb5-4fa4-a97d-d965ccfc6d4b" outcome="Passed" testListId="8c84fa94-04c1-424b-9868-57a2d4851a1d" relativeResultsDirectory="e810a6f7-5c29-47ef-8eb0-b623351b604c" />
    <UnitTestResult executionId="96907052-8a53-4e00-8eb7-0dde8124990a" testId="44fac19f-6b11-56ba-71d1-02a511316440" testName="server.tests.Services.GraphServiceTests.EnumerateSearchTerms_adds_local_part_for_email_queries" computerName="JKPHVQ1XK9" duration="00:00:00.0000838" startTime="2026-05-28T08:09:03.5293240-07:00" endTime="2026-05-28T08:09:03.5293540-07:00" testType="13cdc9d9-ddb5-4fa4-a97d-d965ccfc6d4b" outcome="Passed" testListId="8c84fa94-04c1-424b-9868-57a2d4851a1d" relativeResultsDirectory="96907052-8a53-4e00-8eb7-0dde8124990a" />
    <UnitTestResult executionId="5f003b56-16ba-4c1e-ada7-aa77f5e39083" testId="cd551915-edd2-7593-7fdb-b5cefc34bd08" testName="server.tests.Services.SmtpOutboundEmailClientTests.SendAsync_fails_before_connecting_when_recipient_email_is_invalid" computerName="JKPHVQ1XK9" duration="00:00:00.0008349" startTime="2026-05-28T08:09:03.7288770-07:00" endTime="2026-05-28T08:09:03.7297090-07:00" testType="13cdc9d9-ddb5-4fa4-a97d-d965ccfc6d4b" outcome="Passed" testListId="8c84fa94-04c1-424b-9868-57a2d4851a1d" relativeResultsDirectory="5f003b56-16ba-4c1e-ada7-aa77f5e39083" />
    <UnitTestResult executionId="2fe04742-8fbf-43e5-a879-581a2060f02d" testId="77a2a2b5-0c6c-a371-ec1c-868befff8ed4" testName="server.tests.Services.OutboundMessageSenderTests.ProcessDueAsync_marks_dead_letter_when_failure_reaches_max_attempts" computerName="JKPHVQ1XK9" duration="00:00:00.3527324" startTime="2026-05-28T08:09:03.4046330-07:00" endTime="2026-05-28T08:09:03.7521690-07:00" testType="13cdc9d9-ddb5-4fa4-a97d-d965ccfc6d4b" outcome="Passed" testListId="8c84fa94-04c1-424b-9868-57a2d4851a1d" relativeResultsDirectory="2fe04742-8fbf-43e5-a879-581a2060f02d" />
    <UnitTestResult executionId="0f71ee2a-4b9c-436d-a5d1-ab5b6fb67eba" testId="e8876157-0a45-8c15-64f2-f13328b14a9c" testName="server.tests.Services.OutboundMessageSenderTests.ProcessDueAsync_sends_without_renewing_when_lock_is_not_near_expiry" computerName="JKPHVQ1XK9" duration="00:00:00.0005017" startTime="2026-05-28T08:09:03.7523010-07:00" endTime="2026-05-28T08:09:03.7535650-07:00" testType="13cdc9d9-ddb5-4fa4-a97d-d965ccfc6d4b" outcome="Passed" testListId="8c84fa94-04c1-424b-9868-57a2d4851a1d" relativeResultsDirectory="0f71ee2a-4b9c-436d-a5d1-ab5b6fb67eba" />
    <UnitTestResult executionId="7808dcb0-0262-4270-962d-8ac5c0388ff3" testId="e629904b-0503-5cff-4133-676c5c3a1eaa" testName="server.tests.Controllers.SearchControllerTests.SearchPeople_limits_results_to_top_five_for_financial_users" computerName="JKPHVQ1XK9" duration="00:00:00.0014700" startTime="2026-05-28T08:09:03.7008260-07:00" endTime="2026-05-28T08:09:03.7008470-07:00" testType="13cdc9d9-ddb5-4fa4-a97d-d965ccfc6d4b" outcome="Passed" testListId="8c84fa94-04c1-424b-9868-57a2d4851a1d" relativeResultsDirectory="7808dcb0-0262-4270-962d-8ac5c0388ff3" />
    <UnitTestResult executionId="1c137d0b-785e-4a8d-b885-9c4f56ffc207" testId="8cff7ac6-0efb-7260-cebe-d4fdb8c14d50" testName="server.tests.Services.AccrualOutboundMessageRendererTests.RenderAsync_renders_each_employee_template_key(templateKey: &quot;accrual.employee.generic.v1&quot;, employeeGroup: &quot;Generic&quot;, expectedMessage: &quot;Your current vacation balance&quot;)" computerName="JKPHVQ1XK9" duration="00:00:00.0102459" startTime="2026-05-28T08:09:03.6137940-07:00" endTime="2026-05-28T08:09:03.6240030-07:00" testType="13cdc9d9-ddb5-4fa4-a97d-d965ccfc6d4b" outcome="Passed" testListId="8c84fa94-04c1-424b-9868-57a2d4851a1d" relativeResultsDirectory="1c137d0b-785e-4a8d-b885-9c4f56ffc207" />
    <UnitTestResult executionId="9ac67f75-904f-49e4-8320-0a08d23e9ea3" testId="37b74adf-8182-ad91-bb7b-f3dcaa8c457b" testName="server.tests.Services.SmtpOutboundEmailClientTests.SendAsync_uses_non_cancelable_disconnect_after_send_succeeds" computerName="JKPHVQ1XK9" duration="00:00:00.0238273" startTime="2026-05-28T08:09:03.7105360-07:00" endTime="2026-05-28T08:09:03.7288040-07:00" testType="13cdc9d9-ddb5-4fa4-a97d-d965ccfc6d4b" outcome="Passed" testListId="8c84fa94-04c1-424b-9868-57a2d4851a1d" relativeResultsDirectory="9ac67f75-904f-49e4-8320-0a08d23e9ea3" />
    <UnitTestResult executionId="841301e1-4432-4fdb-8de5-c3281c148b6f" testId="81721507-ad1e-1d62-ce92-e23efaa0fd56" testName="server.tests.Services.AccrualOutboundMessageRendererTests.RenderAsync_omits_viewer_report_button_when_app_base_url_is_invalid" computerName="JKPHVQ1XK9" duration="00:00:00.0142717" startTime="2026-05-28T08:09:03.6323910-07:00" endTime="2026-05-28T08:09:03.6466330-07:00" testType="13cdc9d9-ddb5-4fa4-a97d-d965ccfc6d4b" outcome="Passed" testListId="8c84fa94-04c1-424b-9868-57a2d4851a1d" relativeResultsDirectory="841301e1-4432-4fdb-8de5-c3281c148b6f" />
    <UnitTestResult executionId="45838a87-7701-4076-a6e9-45f6a3e253e6" testId="746f5a2e-0cb6-d2b5-37ff-3a8c0f5c0088" testName="server.tests.Controllers.SearchControllerTests.GetCatalog_includes_all_reports_entry_when_user_can_view_accruals" computerName="JKPHVQ1XK9" duration="00:00:00.0006925" startTime="2026-05-28T08:09:03.7104390-07:00" endTime="2026-05-28T08:09:03.7104590-07:00" testType="13cdc9d9-ddb5-4fa4-a97d-d965ccfc6d4b" outcome="Passed" testListId="8c84fa94-04c1-424b-9868-57a2d4851a1d" relativeResultsDirectory="45838a87-7701-4076-a6e9-45f6a3e253e6" />
    <UnitTestResult executionId="3e5131a3-c7bd-4f08-b1cc-4b51f085f335" testId="904e0ca3-a97e-aac9-ee5a-bdbc03e12b45" testName="server.tests.Services.AccrualOutboundMessageRendererTests.RenderAsync_html_encodes_employee_payload_values" computerName="JKPHVQ1XK9" duration="00:00:00.2242755" startTime="2026-05-28T08:09:03.3869330-07:00" endTime="2026-05-28T08:09:03.6023320-07:00" testType="13cdc9d9-ddb5-4fa4-a97d-d965ccfc6d4b" outcome="Passed" testListId="8c84fa94-04c1-424b-9868-57a2d4851a1d" relativeResultsDirectory="3e5131a3-c7bd-4f08-b1cc-4b51f085f335" />
    <UnitTestResult executionId="e5f9ed0a-8a91-433f-9b3f-d247364828d8" testId="77bb0ca7-01ec-f233-4bd3-1b079e278516" testName="server.tests.Services.AccrualOutboundMessageRendererTests.RenderAsync_fails_clearly_for_unsupported_template_key" computerName="JKPHVQ1XK9" duration="00:00:00.0091211" startTime="2026-05-28T08:09:03.6467510-07:00" endTime="2026-05-28T08:09:03.6557890-07:00" testType="13cdc9d9-ddb5-4fa4-a97d-d965ccfc6d4b" outcome="Passed" testListId="8c84fa94-04c1-424b-9868-57a2d4851a1d" relativeResultsDirectory="e5f9ed0a-8a91-433f-9b3f-d247364828d8" />
    <UnitTestResult executionId="83beb5f1-90e0-4e04-8654-30eac4458649" testId="53673bda-b12c-ed74-d3f7-8c0ff161c30a" testName="server.tests.Services.UserProfileOrchestratorTests.EnsureUserProfileAsync_fails_when_iam_kerberos_is_missing_even_if_user_exists" computerName="JKPHVQ1XK9" duration="00:00:00.3603707" startTime="2026-05-28T08:09:03.3869110-07:00" endTime="2026-05-28T08:09:03.7383130-07:00" testType="13cdc9d9-ddb5-4fa4-a97d-d965ccfc6d4b" outcome="Passed" testListId="8c84fa94-04c1-424b-9868-57a2d4851a1d" relativeResultsDirectory="83beb5f1-90e0-4e04-8654-30eac4458649" />
    <UnitTestResult executionId="85f08c59-98fd-49fb-8843-4c04dc0ce0ac" testId="6370fbc8-969f-2ede-f7a6-4b39184169b2" testName="server.tests.Services.AccrualOverviewCalculatorTests.Build_returns_empty_response_when_no_records_exist" computerName="JKPHVQ1XK9" duration="00:00:00.0006068" startTime="2026-05-28T08:09:03.4918200-07:00" endTime="2026-05-28T08:09:03.4923760-07:00" testType="13cdc9d9-ddb5-4fa4-a97d-d965ccfc6d4b" outcome="Passed" testListId="8c84fa94-04c1-424b-9868-57a2d4851a1d" relativeResultsDirectory="85f08c59-98fd-49fb-8843-4c04dc0ce0ac" />
    <UnitTestResult executionId="9ebd8bd3-e6a7-47e0-8982-1f5344a9c98f" testId="8f823da7-bce0-852c-250d-558e041bd683" testName="server.tests.Services.OutboundMessageQueueTests.ClaimAsync_respects_batch_size" computerName="JKPHVQ1XK9" duration="00:00:00.0027159" startTime="2026-05-28T08:09:04.3424810-07:00" endTime="2026-05-28T08:09:04.3451620-07:00" testType="13cdc9d9-ddb5-4fa4-a97d-d965ccfc6d4b" outcome="Passed" testListId="8c84fa94-04c1-424b-9868-57a2d4851a1d" relativeResultsDirectory="9ebd8bd3-e6a7-47e0-8982-1f5344a9c98f" />
    <UnitTestResult executionId="81784eff-8c29-44d4-8968-5634355cc09f" testId="b09abfc7-02d3-1c0b-5a1a-e5529881a9fc" testName="server.tests.Services.AccrualNotificationMessageBuilderTests.BuildViewerReportMessages_reuses_recipient_invariant_payload" computerName="JKPHVQ1XK9" duration="00:00:00.0008124" startTime="2026-05-28T08:09:03.7519080-07:00" endTime="2026-05-28T08:09:03.7526590-07:00" testType="13cdc9d9-ddb5-4fa4-a97d-d965ccfc6d4b" outcome="Passed" testListId="8c84fa94-04c1-424b-9868-57a2d4851a1d" relativeResultsDirectory="81784eff-8c29-44d4-8968-5634355cc09f" />
    <UnitTestResult executionId="c1e2f8b3-9b9f-475a-90da-b194e059c3ad" testId="466568cc-e5e9-7d53-647f-63861ab9b816" testName="server.tests.Services.OutboundMessageQueueTests.MarkRetryAsync_sets_retry_state_and_sanitized_error" computerName="JKPHVQ1XK9" duration="00:00:00.3661440" startTime="2026-05-28T08:09:03.3862320-07:00" endTime="2026-05-28T08:09:03.7441480-07:00" testType="13cdc9d9-ddb5-4fa4-a97d-d965ccfc6d4b" outcome="Passed" testListId="8c84fa94-04c1-424b-9868-57a2d4851a1d" relativeResultsDirectory="c1e2f8b3-9b9f-475a-90da-b194e059c3ad" />
    <UnitTestResult executionId="1581985b-9ded-481b-92ed-c1c9a4c85f5a" testId="58f0307d-9325-cbb2-01f6-977f5f8353eb" testName="server.tests.Services.GraphServiceTests.BuildValidSearchResults_returns_empty_for_null_or_empty" computerName="JKPHVQ1XK9" duration="00:00:00.0150461" startTime="2026-05-28T08:09:03.5108880-07:00" endTime="2026-05-28T08:09:03.5259880-07:00" testType="13cdc9d9-ddb5-4fa4-a97d-d965ccfc6d4b" outcome="Passed" testListId="8c84fa94-04c1-424b-9868-57a2d4851a1d" relativeResultsDirectory="1581985b-9ded-481b-92ed-c1c9a4c85f5a" />
    <UnitTestResult executionId="2d16b474-8b69-4f44-96ff-1f8c5548882f" testId="c26f349b-dfd2-9b4d-2d40-b4d9f69d0d36" testName="server.tests.Controllers.AdminEmailPreviewControllerTests.Render_builds_unsaved_outbound_message_and_returns_preview" computerName="JKPHVQ1XK9" duration="00:00:00.0011817" startTime="2026-05-28T08:09:03.6756740-07:00" endTime="2026-05-28T08:09:03.6765480-07:00" testType="13cdc9d9-ddb5-4fa4-a97d-d965ccfc6d4b" outcome="Passed" testListId="8c84fa94-04c1-424b-9868-57a2d4851a1d" relativeResultsDirectory="2d16b474-8b69-4f44-96ff-1f8c5548882f" />
    <UnitTestResult executionId="0984f279-4fb7-4d34-94c3-3f674ba46558" testId="6bc66068-37d3-0aa5-df88-a9e10571b54e" testName="server.tests.Services.GraphServiceTests.EnumerateEmailCandidates_adds_ucdavis_alias_for_subdomains" computerName="JKPHVQ1XK9" duration="00:00:00.0000772" startTime="2026-05-28T08:09:03.5301950-07:00" endTime="2026-05-28T08:09:03.5302200-07:00" testType="13cdc9d9-ddb5-4fa4-a97d-d965ccfc6d4b" outcome="Passed" testListId="8c84fa94-04c1-424b-9868-57a2d4851a1d" relativeResultsDirectory="0984f279-4fb7-4d34-94c3-3f674ba46558" />
    <UnitTestResult executionId="04b4e182-ac2f-4826-80c5-5bc5198edc41" testId="b56edd42-2cce-824f-f4b5-ba53b83b892b" testName="server.tests.Services.UserServiceTests.AddRoleToUserAsync_inserts_permission_and_returns_true" computerName="JKPHVQ1XK9" duration="00:00:00.0016002" startTime="2026-05-28T08:09:03.7581720-07:00" endTime="2026-05-28T08:09:03.7597480-07:00" testType="13cdc9d9-ddb5-4fa4-a97d-d965ccfc6d4b" outcome="Passed" testListId="8c84fa94-04c1-424b-9868-57a2d4851a1d" relativeResultsDirectory="04b4e182-ac2f-4826-80c5-5bc5198edc41" />
    <UnitTestResult executionId="5ec6ee09-b9ad-4862-9cdd-fef18b81e83b" testId="efe24d97-93d9-7ed8-dc0e-3b8354e38d49" testName="server.tests.Services.AccrualOverviewCalculatorTests.Build_keeps_employees_below_96_percent_in_approaching" computerName="JKPHVQ1XK9" duration="00:00:00.0204265" startTime="2026-05-28T08:09:03.3868870-07:00" endTime="2026-05-28T08:09:03.3992260-07:00" testType="13cdc9d9-ddb5-4fa4-a97d-d965ccfc6d4b" outcome="Passed" testListId="8c84fa94-04c1-424b-9868-57a2d4851a1d" relativeResultsDirectory="5ec6ee09-b9ad-4862-9cdd-fef18b81e83b" />
    <UnitTestResult executionId="5f30bdbe-a9be-4c74-95a3-cc2e2285a92b" testId="78f5667d-43fe-ed49-5ee3-5ea7a5b9d242" testName="server.tests.Services.AccrualOverviewCalculatorTests.BuildDepartmentDetail_carries_forward_department_employee_missing_from_latest_month" computerName="JKPHVQ1XK9" duration="00:00:00.0006532" startTime="2026-05-28T08:09:03.4932570-07:00" endTime="2026-05-28T08:09:03.4932810-07:00" testType="13cdc9d9-ddb5-4fa4-a97d-d965ccfc6d4b" outcome="Passed" testListId="8c84fa94-04c1-424b-9868-57a2d4851a1d" relativeResultsDirectory="5f30bdbe-a9be-4c74-95a3-cc2e2285a92b" />
    <UnitTestResult executionId="e2f65489-05a4-416f-8809-37fec4aa8a97" testId="a663f453-ce6f-9602-f17c-8706bbfdedb0" testName="server.tests.Controllers.SystemControllerTests.GetRumConfig_falls_back_when_sample_rate_is_nan" computerName="JKPHVQ1XK9" duration="00:00:00.0004167" startTime="2026-05-28T08:09:03.7537410-07:00" endTime="2026-05-28T08:09:03.7538250-07:00" testType="13cdc9d9-ddb5-4fa4-a97d-d965ccfc6d4b" outcome="Passed" testListId="8c84fa94-04c1-424b-9868-57a2d4851a1d" relativeResultsDirectory="e2f65489-05a4-416f-8809-37fec4aa8a97" />
    <UnitTestResult executionId="ffd67bbc-5aa2-49de-a7cd-6b3703d53048" testId="a2ea68ec-4a08-305f-c4c9-cf5a9b1fe43c" testName="server.tests.Services.OutboundMessageSenderTests.ProcessDueAsync_renews_using_current_time_for_later_batch_message" computerName="JKPHVQ1XK9" duration="00:00:00.0003958" startTime="2026-05-28T08:09:03.7578930-07:00" endTime="2026-05-28T08:09:03.7579180-07:00" testType="13cdc9d9-ddb5-4fa4-a97d-d965ccfc6d4b" outcome="Passed" testListId="8c84fa94-04c1-424b-9868-57a2d4851a1d" relativeResultsDirectory="ffd67bbc-5aa2-49de-a7cd-6b3703d53048" />
    <UnitTestResult executionId="5de4e798-1d2e-4a71-a1bc-53da70a20e5b" testId="c6d88807-912d-653f-fb63-630b2328a1b0" testName="server.tests.Controllers.SystemControllerTests.GetRumConfig_returns_public_config_with_defaults" computerName="JKPHVQ1XK9" duration="00:00:00.0004734" startTime="2026-05-28T08:09:03.7535430-07:00" endTime="2026-05-28T08:09:03.7536950-07:00" testType="13cdc9d9-ddb5-4fa4-a97d-d965ccfc6d4b" outcome="Passed" testListId="8c84fa94-04c1-424b-9868-57a2d4851a1d" relativeResultsDirectory="5de4e798-1d2e-4a71-a1bc-53da70a20e5b" />
    <UnitTestResult executionId="880ef90c-2104-4c64-804d-3457bfcb686b" testId="a7400b4e-e901-5847-026b-07e075dba562" testName="server.tests.Services.OutboundMessageQueueTests.EnqueueAsync_inserts_pending_messages_and_skips_duplicate_dedupe_keys" computerName="JKPHVQ1XK9" duration="00:00:00.0158587" startTime="2026-05-28T08:09:03.7442430-07:00" endTime="2026-05-28T08:09:03.7600580-07:00" testType="13cdc9d9-ddb5-4fa4-a97d-d965ccfc6d4b" outcome="Passed" testListId="8c84fa94-04c1-424b-9868-57a2d4851a1d" relativeResultsDirectory="880ef90c-2104-4c64-804d-3457bfcb686b" />
    <UnitTestResult executionId="370f1f6c-a3cc-4c1b-ac12-779140e63de1" testId="0230d569-a56f-4f3c-8e43-9bf0941837be" testName="server.tests.Controllers.AccountControllerTests.Login_accrual_signs_in_with_seeded_dev_user" computerName="JKPHVQ1XK9" duration="00:00:00.3653005" startTime="2026-05-28T08:09:03.3868990-07:00" endTime="2026-05-28T08:09:03.7432120-07:00" testType="13cdc9d9-ddb5-4fa4-a97d-d965ccfc6d4b" outcome="Passed" testListId="8c84fa94-04c1-424b-9868-57a2d4851a1d" relativeResultsDirectory="370f1f6c-a3cc-4c1b-ac12-779140e63de1" />
    <UnitTestResult executionId="aade7069-27ae-440a-9e96-8a9c76a95346" testId="0ba88ae7-c516-6e04-25f1-b0f4fe7ae5c5" testName="server.tests.Services.AccrualOverviewCalculatorTests.Build_does_not_carry_forward_previous_month_employees_into_month_end_snapshot" computerName="JKPHVQ1XK9" duration="00:00:00.0004688" startTime="2026-05-28T08:09:03.4060520-07:00" endTime="2026-05-28T08:09:03.4065020-07:00" testType="13cdc9d9-ddb5-4fa4-a97d-d965ccfc6d4b" outcome="Passed" testListId="8c84fa94-04c1-424b-9868-57a2d4851a1d" relativeResultsDirectory="aade7069-27ae-440a-9e96-8a9c76a95346" />
    <UnitTestResult executionId="7161405a-d1e6-4d6e-af01-648c2eb380ed" testId="55ab373c-517f-69d4-0426-10c72cdc72c9" testName="server.tests.Services.GraphServiceTests.BuildValidSearchResults_filters_disabled_guest_and_ad3_users" computerName="JKPHVQ1XK9" duration="00:00:00.0007792" startTime="2026-05-28T08:09:03.5299080-07:00" endTime="2026-05-28T08:09:03.5301110-07:00" testType="13cdc9d9-ddb5-4fa4-a97d-d965ccfc6d4b" outcome="Passed" testListId="8c84fa94-04c1-424b-9868-57a2d4851a1d" relativeResultsDirectory="7161405a-d1e6-4d6e-af01-648c2eb380ed" />
    <UnitTestResult executionId="20a892c0-1d1e-4595-b781-f85296a45c77" testId="97108ff4-9def-658f-0033-65683adb0e97" testName="server.tests.Controllers.SearchControllerTests.GetCatalog_excludes_accruals_report_when_not_authorized" computerName="JKPHVQ1XK9" duration="00:00:00.0007736" startTime="2026-05-28T08:09:03.7052430-07:00" endTime="2026-05-28T08:09:03.7100260-07:00" testType="13cdc9d9-ddb5-4fa4-a97d-d965ccfc6d4b" outcome="Passed" testListId="8c84fa94-04c1-424b-9868-57a2d4851a1d" relativeResultsDirectory="20a892c0-1d1e-4595-b781-f85296a45c77" />
    <UnitTestResult executionId="54263fde-da4d-47f3-901e-75add2aad5ba" testId="fd39c5aa-dfcc-143d-1b53-86be09e37c72" testName="server.tests.Services.UserServiceTests.GetRolesForUser_returns_assigned_role" computerName="JKPHVQ1XK9" duration="00:00:00.3643857" startTime="2026-05-28T08:09:03.3869730-07:00" endTime="2026-05-28T08:09:03.7423810-07:00" testType="13cdc9d9-ddb5-4fa4-a97d-d965ccfc6d4b" outcome="Passed" testListId="8c84fa94-04c1-424b-9868-57a2d4851a1d" relativeResultsDirectory="54263fde-da4d-47f3-901e-75add2aad5ba" />
    <UnitTestResult executionId="fd591738-4430-4b06-8f77-b2c5a053c1b5" testId="c55e1391-8aae-b32a-26b4-88401a50fc38" testName="server.tests.Services.SmtpOutboundEmailClientTests.SendAsync_skips_authentication_when_credentials_are_absent" computerName="JKPHVQ1XK9" duration="00:00:00.0004713" startTime="2026-05-28T08:09:03.7363620-07:00" endTime="2026-05-28T08:09:03.7367760-07:00" testType="13cdc9d9-ddb5-4fa4-a97d-d965ccfc6d4b" outcome="Passed" testListId="8c84fa94-04c1-424b-9868-57a2d4851a1d" relativeResultsDirectory="fd591738-4430-4b06-8f77-b2c5a053c1b5" />
    <UnitTestResult executionId="0e6053d9-4f86-4953-9c5a-7b0eaba5c599" testId="475e61e6-b744-16ae-9067-ec794a04c957" testName="server.tests.Services.AccrualOutboundMessageRendererTests.RenderAsync_renders_staff_employee_template_from_payload" computerName="JKPHVQ1XK9" duration="00:00:00.0167705" startTime="2026-05-28T08:09:03.6762840-07:00" endTime="2026-05-28T08:09:03.6954080-07:00" testType="13cdc9d9-ddb5-4fa4-a97d-d965ccfc6d4b" outcome="Failed" testListId="8c84fa94-04c1-424b-9868-57a2d4851a1d" relativeResultsDirectory="0e6053d9-4f86-4953-9c5a-7b0eaba5c599">
      <Output>
        <ErrorInfo>
          <Message>Expected rendered.HtmlBody "&lt;!doctype html&gt;&lt;html lang="und" dir="auto" xmlns="http://www.w3.org/1999/xhtml" xmlns:v="urn:schemas-microsoft-com:vml" xmlns:o="urn:schemas-microsoft-com:office:office"&gt;&lt;head&gt;&lt;title&gt;&lt;/title&gt;&lt;!--[if !mso]&gt;&lt;!--&gt;
&lt;meta http-equiv="X-UA-Compatible" content="IE=edge"&gt;
&lt;!--&lt;![endif]--&gt;
&lt;meta http-equiv="Content-Type" content="text/html; charset=UTF-8"&gt;
&lt;meta name="viewport" content="width=device-width, initial-scale=1"&gt;&lt;style type="text/css"&gt;#outlook a {
  padding: 0;
}

body {
  margin: 0;
  padding: 0;
  -webkit-text-size-adjust: 100%;
  -ms-text-size-adjust: 100%;
}

table,
td {
  border-collapse: collapse;
  mso-table-lspace: 0pt;
  mso-table-rspace: 0pt;
}

img {
  border: 0;
  height: auto;
  line-height: 100%;
  outline: none;
  text-decoration: none;
  -ms-interpolation-mode: bicubic;
}

p {
  display: block;
  margin: 13px 0;
}&lt;/style&gt;&lt;!--[if mso]&gt;
        &lt;noscript&gt;
        &lt;xml&gt;
        &lt;o:OfficeDocumentSettings&gt;
          &lt;o:AllowPNG/&gt;
          &lt;o:PixelsPerInch&gt;96&lt;/o:PixelsPerInch&gt;
        &lt;/o:OfficeDocumentSettings&gt;
        &lt;/xml&gt;
        &lt;/noscript&gt;
        &lt;![endif]--&gt;
  &lt;!--[if lte mso 11]&gt;
        &lt;style type="text/css"&gt;
          .mj-outlook-group-fix { width:100% !important; }
        &lt;/style&gt;
        &lt;![endif]--&gt;&lt;style type="text/css"&gt;@media only screen and (min-width:480px) {  .mj-column-per-100 {&#xD;
width:100% !important;&#xD;
max-width: 100%;&#xD;
}}&lt;/style&gt;&lt;style media="screen and (min-width:480px)"&gt;  .moz-text-html .mj-column-per-100 {&#xD;
width:100% !important;&#xD;
max-width: 100%;&#xD;
}&lt;/style&gt;&lt;style type="text/css"&gt;&lt;/style&gt;&lt;style type="text/css"&gt;&lt;/style&gt;&lt;/head&gt;&lt;body style="background-color:#fafafa;word-spacing:normal;"&gt;&lt;div style="display:none;font-size:1px;color:#ffffff;line-height:1px;max-height:0px;max-width:0px;opacity:0;overflow:hidden;"&gt;Walter notification&lt;/div&gt;&lt;div lang="und" dir="auto" style="background-color:#fafafa;"&gt;&lt;!--[if mso | IE]&gt;&lt;table align="center" border="0" cellpadding="0" cellspacing="0" role="presentation" width="640" style="width:640px;"&gt;&lt;tr&gt;&lt;td style="font-size:0px;line-height:0px;mso-line-height-rule:exactly;"&gt;&lt;![endif]--&gt;&lt;div style="margin:0px auto;max-width:640px;"&gt;&lt;table align="center" border="0" cellpadding="0" cellspacing="0" role="presentation" style="width:100%;"&gt;&lt;tbody&gt;&lt;tr&gt;&lt;td style="direction:ltr;font-size:0px;padding:24px 0 10px 0;padding-bottom:10px;padding-left:0;padding-right:0;padding-top:24px;text-align:center;"&gt;&lt;!--[if mso | IE]&gt;&lt;table border="0" cellpadding="0" cellspacing="0" role="presentation"&gt;&lt;tr&gt;&lt;td style="vertical-align:top;width:640px;"&gt;&lt;![endif]--&gt;&lt;div class="mj-column-per-100 mj-outlook-group-fix"  style="direction:ltr;display:inline-block;font-size:0px;text-align:left;vertical-align:top;width:100%;"&gt;&lt;table border="0" cellpadding="0" cellspacing="0" role="presentation" width="100%" style="vertical-align:top;"&gt;&lt;tbody&gt;&lt;tr&gt;&lt;td align="left" style="font-size:0px;padding:0px;padding-bottom:0px;padding-left:0px;padding-right:0px;padding-top:0px;word-break:break-word;"&gt;&lt;table border="0" cellpadding="0" cellspacing="0" role="presentation" width="100%" style="border:none;color:#000000;font-family:proxima-nova, Arial, Helvetica, sans-serif;font-size:13px;line-height:22px;table-layout:auto;width:100%;"&gt;&lt;tr&gt;
            &lt;td style="height:48px;line-height:0;mso-line-height-rule:exactly;padding:0 10px 0 0;vertical-align:middle;width:48px;"&gt;
              &lt;a href="https://walter.ucdavis.edu" style="display:block;text-decoration:none;"&gt;
                &lt;img alt="" height="46" src="/apple-touch-icon.png" style="border:0;display:block;height:46px;line-height:0;max-height:46px;max-width:46px;width:46px;" width="46"/&gt;
              &lt;/a&gt;
            &lt;/td&gt;
            &lt;td style="height:48px;padding:0;vertical-align:middle;"&gt;
              &lt;div style="color:#1f1f1f;font-size:22px;font-weight:400;line-height:1.2;"&gt;
                &lt;a href="https://walter.ucdavis.edu" style="color:#1f1f1f;text-decoration:none;"&gt;Walter&lt;/a&gt;
              &lt;/div&gt;
              &lt;div style="color:#848484;font-size:12px;font-weight:700;letter-spacing:1.8px;line-height:1.5;text-transform:uppercase;"&gt;
                &lt;a href="https://walter.ucdavis.edu" style="color:#848484;text-decoration:none;"&gt;Notification&lt;/a&gt;
              &lt;/div&gt;
            &lt;/td&gt;
          &lt;/tr&gt;&lt;/table&gt;&lt;/td&gt;&lt;/tr&gt;&lt;/tbody&gt;&lt;/table&gt;&lt;/div&gt;&lt;!--[if mso | IE]&gt;&lt;/td&gt;&lt;/tr&gt;&lt;/table&gt;&lt;![endif]--&gt;&lt;/td&gt;&lt;/tr&gt;&lt;/tbody&gt;&lt;/table&gt;&lt;/div&gt;&lt;!--[if mso | IE]&gt;&lt;/td&gt;&lt;/tr&gt;&lt;/table&gt;&lt;table align="center" bgcolor="#0047ba" border="0" cellpadding="0" cellspacing="0" role="presentation" width="640" style="width:640px;"&gt;&lt;tr&gt;&lt;td style="font-size:0px;line-height:0px;mso-line-height-rule:exactly;"&gt;&lt;![endif]--&gt;&lt;div style="border-radius:4px 4px 0 0;margin:0px auto;max-width:640px;background:#0047ba;background-color:#0047ba;"&gt;&lt;table align="center" border="0" cellpadding="0" cellspacing="0" role="presentation" style="border-radius:4px 4px 0 0;width:100%;background:#0047ba;background-color:#0047ba;"&gt;&lt;tbody&gt;&lt;tr&gt;&lt;td style="border-left:1px solid #e9e3ee;border-right:1px solid #e9e3ee;direction:ltr;font-size:0px;padding:0px;padding-bottom:0px;padding-left:0px;padding-right:0px;padding-top:0px;text-align:center;"&gt;&lt;!--[if mso | IE]&gt;&lt;table border="0" cellpadding="0" cellspacing="0" role="presentation"&gt;&lt;tr&gt;&lt;td style="vertical-align:top;width:638px;"&gt;&lt;![endif]--&gt;&lt;div class="mj-column-per-100 mj-outlook-group-fix"  style="direction:ltr;display:inline-block;font-size:0px;text-align:left;vertical-align:top;width:100%;"&gt;&lt;table border="0" cellpadding="0" cellspacing="0" role="presentation" width="100%"&gt;&lt;tbody&gt;&lt;tr&gt;&lt;td style="padding:0px;padding-bottom:0px;padding-left:0px;padding-right:0px;padding-top:0px;vertical-align:top;"&gt;&lt;table border="0" cellpadding="0" cellspacing="0" role="presentation" width="100%"&gt;&lt;tbody&gt;&lt;tr&gt;&lt;td style="font-size:0px;word-break:break-word;"&gt;&lt;div style="height:4px;line-height:4px;"&gt;&amp;#8202;&lt;/div&gt;&lt;/td&gt;&lt;/tr&gt;&lt;/tbody&gt;&lt;/table&gt;&lt;/td&gt;&lt;/tr&gt;&lt;/tbody&gt;&lt;/table&gt;&lt;/div&gt;&lt;!--[if mso | IE]&gt;&lt;/td&gt;&lt;/tr&gt;&lt;/table&gt;&lt;![endif]--&gt;&lt;/td&gt;&lt;/tr&gt;&lt;/tbody&gt;&lt;/table&gt;&lt;/div&gt;&lt;!--[if mso | IE]&gt;&lt;/td&gt;&lt;/tr&gt;&lt;/table&gt;&lt;table align="center" bgcolor="#ffffff" border="0" cellpadding="0" cellspacing="0" role="presentation" width="640" style="width:640px;"&gt;&lt;tr&gt;&lt;td style="font-size:0px;line-height:0px;mso-line-height-rule:exactly;"&gt;&lt;![endif]--&gt;&lt;div style="border-radius:0 0 4px 4px;margin:0px auto;max-width:640px;background:#ffffff;background-color:#ffffff;"&gt;&lt;table align="center" border="0" cellpadding="0" cellspacing="0" role="presentation" style="border-radius:0 0 4px 4px;width:100%;background:#ffffff;background-color:#ffffff;"&gt;&lt;tbody&gt;&lt;tr&gt;&lt;td style="border-bottom:1px solid #e9e3ee;border-left:1px solid #e9e3ee;border-right:1px solid #e9e3ee;direction:ltr;font-size:0px;padding:0px;padding-bottom:0px;padding-left:0px;padding-right:0px;padding-top:0px;text-align:center;"&gt;&lt;!--[if mso | IE]&gt;&lt;table border="0" cellpadding="0" cellspacing="0" role="presentation"&gt;&lt;tr&gt;&lt;td style="vertical-align:top;width:638px;"&gt;&lt;![endif]--&gt;&lt;div class="mj-column-per-100 mj-outlook-group-fix"  style="direction:ltr;display:inline-block;font-size:0px;text-align:left;vertical-align:top;width:100%;"&gt;&lt;table border="0" cellpadding="0" cellspacing="0" role="presentation" width="100%"&gt;&lt;tbody&gt;&lt;tr&gt;&lt;td style="padding:0px;padding-bottom:0px;padding-left:0px;padding-right:0px;padding-top:0px;vertical-align:top;"&gt;&lt;table border="0" cellpadding="0" cellspacing="0" role="presentation" width="100%"&gt;&lt;tbody&gt;&lt;tr&gt;&lt;td style="font-size:0px;padding:18px 16px;padding-bottom:18px;padding-left:16px;padding-right:16px;padding-top:18px;word-break:break-word;"&gt;&lt;!--[if mso | IE]&gt;&lt;table align="center" border="0" cellpadding="0" cellspacing="0" role="presentation" width="638" style="width:638px;"&gt;&lt;tr&gt;&lt;td style="font-size:0px;line-height:0px;mso-line-height-rule:exactly;"&gt;&lt;![endif]--&gt;&lt;div style="margin:0px auto;max-width:638px;"&gt;&lt;table align="center" border="0" cellpadding="0" cellspacing="0" role="presentation" style="width:100%;"&gt;&lt;tbody&gt;&lt;tr&gt;&lt;td style="direction:ltr;font-size:0px;padding:18px 16px;padding-bottom:18px;padding-left:16px;padding-right:16px;padding-top:18px;text-align:center;"&gt;&lt;!--[if mso | IE]&gt;&lt;table border="0" cellpadding="0" cellspacing="0" role="presentation"&gt;&lt;tr&gt;&lt;td style="vertical-align:top;width:606px;"&gt;&lt;![endif]--&gt;&lt;div class="mj-column-per-100 mj-outlook-group-fix"  style="direction:ltr;display:inline-block;font-size:0px;text-align:left;vertical-align:top;width:100%;"&gt;&lt;table border="0" cellpadding="0" cellspacing="0" role="presentation" width="100%" style="vertical-align:top;"&gt;&lt;tbody&gt;&lt;tr&gt;&lt;td align="left" style="font-size:0px;padding:0px 0px 12px 0px;padding-bottom:12px;padding-left:0px;padding-right:0px;padding-top:0px;word-break:break-word;"&gt;&lt;div style="font-family:proxima-nova, Arial, Helvetica, sans-serif;font-size:16px;line-height:1.65;text-align:left;color:#1f1f1f;"&gt;Dear &lt;strong&gt;Staff Member&lt;/strong&gt;,&lt;/div&gt;&lt;/td&gt;&lt;/tr&gt;&lt;tr&gt;&lt;td align="left" style="font-size:0px;padding:0px 0px 16px 0px;padding-bottom:16px;padding-left:0px;padding-right:0px;padding-top:0px;word-break:break-word;"&gt;&lt;div style="font-family:proxima-nova, Arial, Helvetica, sans-serif;font-size:16px;line-height:1.65;text-align:left;color:#1f1f1f;"&gt;This is an automated notification from the CAES HR Office. Your current vacation accrual balance is 240.0 hours, which is 100% of your maximum accrual cap of 240.0 hours.&lt;/div&gt;&lt;/td&gt;&lt;/tr&gt;&lt;tr&gt;&lt;td align="left" style="font-size:0px;padding:0px 0px 16px 0px;padding-bottom:16px;padding-left:0px;padding-right:0px;padding-top:0px;word-break:break-word;"&gt;&lt;div style="font-family:proxima-nova, Arial, Helvetica, sans-serif;font-size:16px;line-height:1.65;text-align:left;color:#1f1f1f;"&gt;Per UC policy (PPSM 2.210), once your balance reaches the maximum, you will stop accruing vacation hours until your balance falls below the cap. We encourage you to plan and schedule vacation time to avoid losing accrual.&lt;/div&gt;&lt;/td&gt;&lt;/tr&gt;&lt;tr&gt;&lt;td align="left" style="font-size:0px;padding:0px 0px 16px 0px;padding-bottom:16px;padding-left:0px;padding-right:0px;padding-top:0px;word-break:break-word;"&gt;&lt;div style="font-family:proxima-nova, Arial, Helvetica, sans-serif;font-size:16px;line-height:1.65;text-align:left;color:#1f1f1f;"&gt;Please submit your leave request at your earliest convenience:&lt;/div&gt;&lt;/td&gt;&lt;/tr&gt;&lt;tr&gt;&lt;td align="left" style="font-size:0px;padding:0px 0px 22px 0px;padding-bottom:22px;padding-left:0px;padding-right:0px;padding-top:0px;word-break:break-word;"&gt;&lt;table border="0" cellpadding="0" cellspacing="0" role="presentation" style="border-collapse:separate;line-height:100%;"&gt;&lt;tr&gt;&lt;td align="center" bgcolor="#0047ba" role="presentation" valign="middle" style="border:none;border-bottom:none;border-left:none;border-right:none;border-top:none;border-radius:4px;cursor:auto;mso-padding-alt:13px 24px;background:#0047ba;"&gt;&lt;a href="https://trs.ucdavis.edu/timesheet" target="_blank" style="background:#0047ba;border-radius:4px;color:#ffffff;display:inline-block;font-family:proxima-nova, Arial, Helvetica, sans-serif;font-size:16px;font-weight:600;line-height:120%;margin:0;mso-padding-alt:0px;padding:13px 24px;text-decoration:none;text-transform:none;"&gt;Open TRS Time Reporting &amp;rarr;&lt;/a&gt;&lt;/td&gt;&lt;/tr&gt;&lt;/table&gt;&lt;/td&gt;&lt;/tr&gt;&lt;tr&gt;&lt;td align="left" style="font-size:0px;padding:0px;padding-bottom:0px;padding-left:0px;padding-right:0px;padding-top:0px;word-break:break-word;"&gt;&lt;div style="font-family:proxima-nova, Arial, Helvetica, sans-serif;font-size:16px;line-height:1.65;text-align:left;color:#1f1f1f;"&gt;Best regards,&lt;br/&gt;
      CAES Human Resources&lt;/div&gt;&lt;/td&gt;&lt;/tr&gt;&lt;/tbody&gt;&lt;/table&gt;&lt;/div&gt;&lt;!--[if mso | IE]&gt;&lt;/td&gt;&lt;/tr&gt;&lt;/table&gt;&lt;![endif]--&gt;&lt;/td&gt;&lt;/tr&gt;&lt;/tbody&gt;&lt;/table&gt;&lt;/div&gt;&lt;!--[if mso | IE]&gt;&lt;/td&gt;&lt;/tr&gt;&lt;/table&gt;&lt;![endif]--&gt;&lt;/td&gt;&lt;/tr&gt;&lt;/tbody&gt;&lt;/table&gt;&lt;/td&gt;&lt;/tr&gt;&lt;/tbody&gt;&lt;/table&gt;&lt;/div&gt;&lt;!--[if mso | IE]&gt;&lt;/td&gt;&lt;/tr&gt;&lt;/table&gt;&lt;![endif]--&gt;&lt;/td&gt;&lt;/tr&gt;&lt;/tbody&gt;&lt;/table&gt;&lt;/div&gt;&lt;!--[if mso | IE]&gt;&lt;/td&gt;&lt;/tr&gt;&lt;/table&gt;&lt;table align="center" border="0" cellpadding="0" cellspacing="0" role="presentation" width="640" style="width:640px;"&gt;&lt;tr&gt;&lt;td style="font-size:0px;line-height:0px;mso-line-height-rule:exactly;"&gt;&lt;![endif]--&gt;&lt;div style="margin:0px auto;max-width:640px;"&gt;&lt;table align="center" border="0" cellpadding="0" cellspacing="0" role="presentation" style="width:100%;"&gt;&lt;tbody&gt;&lt;tr&gt;&lt;td style="direction:ltr;font-size:0px;padding:16px 24px 30px 24px;padding-bottom:30px;padding-left:24px;padding-right:24px;padding-top:16px;text-align:center;"&gt;&lt;!--[if mso | IE]&gt;&lt;table border="0" cellpadding="0" cellspacing="0" role="presentation"&gt;&lt;tr&gt;&lt;td style="vertical-align:top;width:592px;"&gt;&lt;![endif]--&gt;&lt;div class="mj-column-per-100 mj-outlook-group-fix"  style="direction:ltr;display:inline-block;font-size:0px;text-align:left;vertical-align:top;width:100%;"&gt;&lt;table border="0" cellpadding="0" cellspacing="0" role="presentation" width="100%" style="vertical-align:top;"&gt;&lt;tbody&gt;&lt;tr&gt;&lt;td align="center" style="font-size:0px;padding:0px;padding-bottom:0px;padding-left:0px;padding-right:0px;padding-top:0px;word-break:break-word;"&gt;&lt;div style="font-family:proxima-nova, Arial, Helvetica, sans-serif;font-size:12px;line-height:1.5;text-align:center;color:#848484;"&gt;This email was automatically generated. Please do not reply to it.&lt;/div&gt;&lt;/td&gt;&lt;/tr&gt;&lt;tr&gt;&lt;td align="left" style="font-size:0px;padding:14px 0 0 0;padding-bottom:0;padding-left:0;padding-right:0;padding-top:14px;word-break:break-word;"&gt;&lt;table border="0" cellpadding="0" cellspacing="0" role="presentation" width="100%" style="border:none;color:#000000;font-family:proxima-nova, Arial, Helvetica, sans-serif;font-size:13px;line-height:22px;table-layout:auto;width:100%;"&gt;&lt;tr&gt;
            &lt;td align="center"&gt;
              &lt;a href="https://ucdavis.edu" style="display:inline-block;text-decoration:none;"&gt;
                &lt;img alt="UC Davis" src="/ucdavis.svg" width="100" style="border:0;display:block;height:auto;line-height:100%;max-width:100px;opacity:.55;outline:none;text-decoration:none;width:100px;"/&gt;
              &lt;/a&gt;
            &lt;/td&gt;
          &lt;/tr&gt;&lt;/table&gt;&lt;/td&gt;&lt;/tr&gt;&lt;/tbody&gt;&lt;/table&gt;&lt;/div&gt;&lt;!--[if mso | IE]&gt;&lt;/td&gt;&lt;/tr&gt;&lt;/table&gt;&lt;![endif]--&gt;&lt;/td&gt;&lt;/tr&gt;&lt;/tbody&gt;&lt;/table&gt;&lt;/div&gt;&lt;!--[if mso | IE]&gt;&lt;/td&gt;&lt;/tr&gt;&lt;/table&gt;&lt;![endif]--&gt;&lt;/div&gt;&lt;/body&gt;&lt;/html&gt;" to contain "Dear Staff Member,".</Message>
          <StackTrace>   at FluentAssertions.Execution.LateBoundTestFramework.Throw(String message)
   at FluentAssertions.Execution.DefaultAssertionStrategy.HandleFailure(String message)
   at FluentAssertions.Execution.AssertionScope.AddPreFormattedFailure(String formattedFailureMessage)
   at FluentAssertions.Execution.AssertionChain.FailWith(Func`1 getFailureReason)
   at FluentAssertions.Execution.AssertionChain.FailWith(Func`1 getFailureReason)
   at FluentAssertions.Execution.AssertionChain.FailWith(String message, Object[] args)
   at FluentAssertions.Primitives.StringAssertions`1.Contain(String expected, String because, Object[] becauseArgs)
   at server.tests.Services.AccrualOutboundMessageRendererTests.RenderAsync_renders_staff_employee_template_from_payload() in /Users/cydoval/Documents/work/ucdavis_cru/Web/Walter/web/tests/server.tests/Services/AccrualOutboundMessageRendererTests.cs:line 52
--- End of stack trace from previous location ---</StackTrace>
        </ErrorInfo>
      </Output>
    </UnitTestResult>
    <UnitTestResult executionId="8abc1c16-ac5f-4411-ad83-2a8ea8831db5" testId="b10c3452-9df4-170f-dfcf-8261485a20c7" testName="server.tests.Services.AccrualNotificationMessageBuilderTests.AccrualViewerRecipientProvider_returns_only_active_explicit_accrual_viewers" computerName="JKPHVQ1XK9" duration="00:00:00.3240222" startTime="2026-05-28T08:09:03.4278360-07:00" endTime="2026-05-28T08:09:03.7518180-07:00" testType="13cdc9d9-ddb5-4fa4-a97d-d965ccfc6d4b" outcome="Passed" testListId="8c84fa94-04c1-424b-9868-57a2d4851a1d" relativeResultsDirectory="8abc1c16-ac5f-4411-ad83-2a8ea8831db5" />
    <UnitTestResult executionId="ed2f203a-671e-42ee-96ed-d6cac56d726a" testId="f6a8e593-55bc-66e5-5e1d-5d6a4c9bab63" testName="server.tests.Services.AccrualNotificationGeneratorTests.GenerateMonthlyAsync_builds_and_enqueues_employee_and_viewer_messages" computerName="JKPHVQ1XK9" duration="00:00:00.0048778" startTime="2026-05-28T08:09:03.7190860-07:00" endTime="2026-05-28T08:09:03.7235910-07:00" testType="13cdc9d9-ddb5-4fa4-a97d-d965ccfc6d4b" outcome="Passed" testListId="8c84fa94-04c1-424b-9868-57a2d4851a1d" relativeResultsDirectory="ed2f203a-671e-42ee-96ed-d6cac56d726a" />
    <UnitTestResult executionId="fd29879f-6319-44fa-a14e-b689bd560916" testId="872d587e-2a94-3ba6-11a8-690442d7e274" testName="server.tests.Services.AccrualOutboundMessageRendererTests.RenderAsync_renders_each_employee_template_key(templateKey: &quot;accrual.employee.staff.v1&quot;, employeeGroup: &quot;Staff&quot;, expectedMessage: &quot;Please submit your leave request&quot;)" computerName="JKPHVQ1XK9" duration="00:00:00.0082403" startTime="2026-05-28T08:09:03.6240960-07:00" endTime="2026-05-28T08:09:03.6322800-07:00" testType="13cdc9d9-ddb5-4fa4-a97d-d965ccfc6d4b" outcome="Passed" testListId="8c84fa94-04c1-424b-9868-57a2d4851a1d" relativeResultsDirectory="fd29879f-6319-44fa-a14e-b689bd560916" />
    <UnitTestResult executionId="9b4b18b0-4ac2-4ada-896e-056e3b539757" testId="c60fea8e-d341-6d99-c314-87af66b7d2df" testName="server.tests.Controllers.AccountControllerTests.Login_non_loopback_disables_chooser_and_challenges_oidc" computerName="JKPHVQ1XK9" duration="00:00:00.0058389" startTime="2026-05-28T08:09:03.7514780-07:00" endTime="2026-05-28T08:09:03.7523260-07:00" testType="13cdc9d9-ddb5-4fa4-a97d-d965ccfc6d4b" outcome="Passed" testListId="8c84fa94-04c1-424b-9868-57a2d4851a1d" relativeResultsDirectory="9b4b18b0-4ac2-4ada-896e-056e3b539757" />
    <UnitTestResult executionId="6962be84-cc45-4c55-b774-f4111e501f21" testId="3759d63e-c89c-f1d8-2284-2682f80e4b86" testName="server.tests.Services.UserProfileOrchestratorTests.EnsureUserProfileAsync_uses_iam_kerberos_and_persists_user" computerName="JKPHVQ1XK9" duration="00:00:00.0166971" startTime="2026-05-28T08:09:03.7383880-07:00" endTime="2026-05-28T08:09:03.7550570-07:00" testType="13cdc9d9-ddb5-4fa4-a97d-d965ccfc6d4b" outcome="Passed" testListId="8c84fa94-04c1-424b-9868-57a2d4851a1d" relativeResultsDirectory="6962be84-cc45-4c55-b774-f4111e501f21" />
    <UnitTestResult executionId="ce39a409-4358-4bf0-8a10-acd3e167f232" testId="97d7b71a-c977-9a6b-f7c9-a5c6bbe75747" testName="server.tests.Controllers.SearchControllerTests.ResolvePersonByDirectoryId_forbids_non_financial_users" computerName="JKPHVQ1XK9" duration="00:00:00.1414514" startTime="2026-05-28T08:09:03.5304020-07:00" endTime="2026-05-28T08:09:03.6719250-07:00" testType="13cdc9d9-ddb5-4fa4-a97d-d965ccfc6d4b" outcome="Passed" testListId="8c84fa94-04c1-424b-9868-57a2d4851a1d" relativeResultsDirectory="ce39a409-4358-4bf0-8a10-acd3e167f232" />
    <UnitTestResult executionId="4bc2387c-0c25-4291-8406-2af99ab25ab5" testId="806b4d49-ddf1-5cca-0c39-7366a1dfebba" testName="server.tests.Controllers.SystemControllerTests.Emulate_accepts_employeeId_identifier" computerName="JKPHVQ1XK9" duration="00:00:00.0037557" startTime="2026-05-28T08:09:03.7429000-07:00" endTime="2026-05-28T08:09:03.7464870-07:00" testType="13cdc9d9-ddb5-4fa4-a97d-d965ccfc6d4b" outcome="Passed" testListId="8c84fa94-04c1-424b-9868-57a2d4851a1d" relativeResultsDirectory="4bc2387c-0c25-4291-8406-2af99ab25ab5" />
    <UnitTestResult executionId="ffd3c934-e27c-4b17-9233-ee3248c6806a" testId="dcb50914-3923-3c92-916a-662f94a61ee2" testName="server.tests.Services.AccrualNotificationGeneratorTests.GenerateMonthlyAsync_dry_run_builds_counts_without_enqueueing" computerName="JKPHVQ1XK9" duration="00:00:00.0004929" startTime="2026-05-28T08:09:03.7241150-07:00" endTime="2026-05-28T08:09:03.7245510-07:00" testType="13cdc9d9-ddb5-4fa4-a97d-d965ccfc6d4b" outcome="Passed" testListId="8c84fa94-04c1-424b-9868-57a2d4851a1d" relativeResultsDirectory="ffd3c934-e27c-4b17-9233-ee3248c6806a" />
    <UnitTestResult executionId="72cdb9a7-a263-44a4-ad18-6fb232ff28d5" testId="1395c0f5-f501-68f9-0d42-d77f93e10e56" testName="server.tests.Controllers.SystemControllerTests.Emulate_accepts_guid_identifier" computerName="JKPHVQ1XK9" duration="00:00:00.0661873" startTime="2026-05-28T08:09:03.6765030-07:00" endTime="2026-05-28T08:09:03.7428390-07:00" testType="13cdc9d9-ddb5-4fa4-a97d-d965ccfc6d4b" outcome="Passed" testListId="8c84fa94-04c1-424b-9868-57a2d4851a1d" relativeResultsDirectory="72cdb9a7-a263-44a4-ad18-6fb232ff28d5" />
    <UnitTestResult executionId="9479d10e-0a09-4cc9-a444-5a3cd5135498" testId="ec66f891-3820-c483-ae3e-1b4b88a6e68c" testName="server.tests.Services.AccrualOutboundMessageRendererTests.RenderAsync_fails_clearly_for_unsupported_payload_version" computerName="JKPHVQ1XK9" duration="00:00:00.0053443" startTime="2026-05-28T08:09:03.7006600-07:00" endTime="2026-05-28T08:09:03.7050120-07:00" testType="13cdc9d9-ddb5-4fa4-a97d-d965ccfc6d4b" outcome="Passed" testListId="8c84fa94-04c1-424b-9868-57a2d4851a1d" relativeResultsDirectory="9479d10e-0a09-4cc9-a444-5a3cd5135498" />
    <UnitTestResult executionId="f64bc44e-3278-46b1-936a-709a8f709816" testId="9715224b-e500-c87f-00c3-64da80f61851" testName="server.tests.Services.AccrualNotificationMessageBuilderTests.BuildEmployeeMessages_chooses_template_key_by_employee_group(employeeGroup: Generic, expectedTemplateKey: &quot;accrual.employee.generic.v1&quot;)" computerName="JKPHVQ1XK9" duration="00:00:00.0002365" startTime="2026-05-28T08:09:03.4232310-07:00" endTime="2026-05-28T08:09:03.4232730-07:00" testType="13cdc9d9-ddb5-4fa4-a97d-d965ccfc6d4b" outcome="Passed" testListId="8c84fa94-04c1-424b-9868-57a2d4851a1d" relativeResultsDirectory="f64bc44e-3278-46b1-936a-709a8f709816" />
[...]
[xUnit.net 00:00:00.47]         margin: 0;
[xUnit.net 00:00:00.47]         padding: 0;
[xUnit.net 00:00:00.47]         -webkit-text-size-adjust: 100%;
[xUnit.net 00:00:00.47]         -ms-text-size-adjust: 100%;
[xUnit.net 00:00:00.47]       }
[xUnit.net 00:00:00.47]       
[xUnit.net 00:00:00.47]       table,
[xUnit.net 00:00:00.47]       td {
[xUnit.net 00:00:00.47]         border-collapse: collapse;
[xUnit.net 00:00:00.47]         mso-table-lspace: 0pt;
[xUnit.net 00:00:00.47]         mso-table-rspace: 0pt;
[xUnit.net 00:00:00.47]       }
[xUnit.net 00:00:00.47]       
[xUnit.net 00:00:00.47]       img {
[xUnit.net 00:00:00.47]         border: 0;
[xUnit.net 00:00:00.47]         height: auto;
[xUnit.net 00:00:00.47]         line-height: 100%;
[xUnit.net 00:00:00.47]         outline: none;
[xUnit.net 00:00:00.47]         text-decoration: none;
[xUnit.net 00:00:00.47]         -ms-interpolation-mode: bicubic;
[xUnit.net 00:00:00.47]       }
[xUnit.net 00:00:00.47]       
[xUnit.net 00:00:00.47]       p {
[xUnit.net 00:00:00.47]         display: block;
[xUnit.net 00:00:00.47]         margin: 13px 0;
[xUnit.net 00:00:00.47]       }&lt;/style&gt;&lt;!--[if mso]&gt;
[xUnit.net 00:00:00.47]               &lt;noscript&gt;
[xUnit.net 00:00:00.47]               &lt;xml&gt;
[xUnit.net 00:00:00.47]               &lt;o:OfficeDocumentSettings&gt;
[xUnit.net 00:00:00.47]                 &lt;o:AllowPNG/&gt;
[xUnit.net 00:00:00.47]                 &lt;o:PixelsPerInch&gt;96&lt;/o:PixelsPerInch&gt;
[xUnit.net 00:00:00.47]               &lt;/o:OfficeDocumentSettings&gt;
[xUnit.net 00:00:00.47]               &lt;/xml&gt;
[xUnit.net 00:00:00.47]               &lt;/noscript&gt;
[xUnit.net 00:00:00.47]               &lt;![endif]--&gt;
[xUnit.net 00:00:00.47]         &lt;!--[if lte mso 11]&gt;
[xUnit.net 00:00:00.47]               &lt;style type="text/css"&gt;
[xUnit.net 00:00:00.47]                 .mj-outlook-group-fix { width:100% !important; }
[xUnit.net 00:00:00.47]               &lt;/style&gt;
[xUnit.net 00:00:00.47]               &lt;![endif]--&gt;&lt;style type="text/css"&gt;@media only screen and (min-width:480px) {  .mj-column-per-100 {&#xD;
[xUnit.net 00:00:00.47]       width:100% !important;&#xD;
[xUnit.net 00:00:00.47]       max-width: 100%;&#xD;
[xUnit.net 00:00:00.47]       }}&lt;/style&gt;&lt;style media="screen and (min-width:480px)"&gt;  .moz-text-html .mj-column-per-100 {&#xD;
[xUnit.net 00:00:00.47]       width:100% !important;&#xD;
[xUnit.net 00:00:00.47]       max-width: 100%;&#xD;
[xUnit.net 00:00:00.47]       }&lt;/style&gt;&lt;style type="text/css"&gt;&lt;/style&gt;&lt;style type="text/css"&gt;&lt;/style&gt;&lt;/head&gt;&lt;body style="background-color:#fafafa;word-spacing:normal;"&gt;&lt;div style="display:none;font-size:1px;color:#ffffff;line-height:1px;max-height:0px;max-width:0px;opacity:0;overflow:hidden;"&gt;Walter notification&lt;/div&gt;&lt;div lang="und" dir="auto" style="background-color:#fafafa;"&gt;&lt;!--[if mso | IE]&gt;&lt;table align="center" border="0" cellpadding="0" cellspacing="0" role="presentation" width="640" style="width:640px;"&gt;&lt;tr&gt;&lt;td style="font-size:0px;line-height:0px;mso-line-height-rule:exactly;"&gt;&lt;![endif]--&gt;&lt;div style="margin:0px auto;max-width:640px;"&gt;&lt;table align="center" border="0" cellpadding="0" cellspacing="0" role="presentation" style="width:100%;"&gt;&lt;tbody&gt;&lt;tr&gt;&lt;td style="direction:ltr;font-size:0px;padding:24px 0 10px 0;padding-bottom:10px;padding-left:0;padding-right:0;padding-top:24px;text-align:center;"&gt;&lt;!--[if mso | IE]&gt;&lt;table border="0" cellpadding="0" cellspacing="0" role="presentation"&gt;&lt;tr&gt;&lt;td style="vertical-align:top;width:640px;"&gt;&lt;![endif]--&gt;&lt;div class="mj-column-per-100 mj-outlook-group-fix"  style="direction:ltr;display:inline-block;font-size:0px;text-align:left;vertical-align:top;width:100%;"&gt;&lt;table border="0" cellpadding="0" cellspacing="0" role="presentation" width="100%" style="vertical-align:top;"&gt;&lt;tbody&gt;&lt;tr&gt;&lt;td align="left" style="font-size:0px;padding:0px;padding-bottom:0px;padding-left:0px;padding-right:0px;padding-top:0px;word-break:break-word;"&gt;&lt;table border="0" cellpadding="0" cellspacing="0" role="presentation" width="100%" style="border:none;color:#000000;font-family:proxima-nova, Arial, Helvetica, sans-serif;font-size:13px;line-height:22px;table-layout:auto;width:100%;"&gt;&lt;tr&gt;
[xUnit.net 00:00:00.47]                   &lt;td style="height:48px;line-height:0;mso-line-height-rule:exactly;padding:0 10px 0 0;vertical-align:middle;width:48px;"&gt;
[xUnit.net 00:00:00.47]                     &lt;a href="https://walter.ucdavis.edu" style="display:block;text-decoration:none;"&gt;
[xUnit.net 00:00:00.47]                       &lt;img alt="" height="46" src="/apple-touch-icon.png" style="border:0;display:block;height:46px;line-height:0;max-height:46px;max-width:46px;width:46px;" width="46"/&gt;
[xUnit.net 00:00:00.47]                     &lt;/a&gt;
[xUnit.net 00:00:00.47]                   &lt;/td&gt;
[xUnit.net 00:00:00.47]                   &lt;td style="height:48px;padding:0;vertical-align:middle;"&gt;
[xUnit.net 00:00:00.47]                     &lt;div style="color:#1f1f1f;font-size:22px;font-weight:400;line-height:1.2;"&gt;
[xUnit.net 00:00:00.47]                       &lt;a href="https://walter.ucdavis.edu" style="color:#1f1f1f;text-decoration:none;"&gt;Walter&lt;/a&gt;
[xUnit.net 00:00:00.47]                     &lt;/div&gt;
[xUnit.net 00:00:00.47]                     &lt;div style="color:#848484;font-size:12px;font-weight:700;letter-spacing:1.8px;line-height:1.5;text-transform:uppercase;"&gt;
[xUnit.net 00:00:00.47]                       &lt;a href="https://walter.ucdavis.edu" style="color:#848484;text-decoration:none;"&gt;Notification&lt;/a&gt;
[xUnit.net 00:00:00.47]                     &lt;/div&gt;
[xUnit.net 00:00:00.47]                   &lt;/td&gt;
[xUnit.net 00:00:00.47]                 &lt;/tr&gt;&lt;/table&gt;&lt;/td&gt;&lt;/tr&gt;&lt;/tbody&gt;&lt;/table&gt;&lt;/div&gt;&lt;!--[if mso | IE]&gt;&lt;/td&gt;&lt;/tr&gt;&lt;/table&gt;&lt;![endif]--&gt;&lt;/td&gt;&lt;/tr&gt;&lt;/tbody&gt;&lt;/table&gt;&lt;/div&gt;&lt;!--[if mso | IE]&gt;&lt;/td&gt;&lt;/tr&gt;&lt;/table&gt;&lt;table align="center" bgcolor="#0047ba" border="0" cellpadding="0" cellspacing="0" role="presentation" width="640" style="width:640px;"&gt;&lt;tr&gt;&lt;td style="font-size:0px;line-height:0px;mso-line-height-rule:exactly;"&gt;&lt;![endif]--&gt;&lt;div style="border-radius:4px 4px 0 0;margin:0px auto;max-width:640px;background:#0047ba;background-color:#0047ba;"&gt;&lt;table align="center" border="0" cellpadding="0" cellspacing="0" role="presentation" style="border-radius:4px 4px 0 0;width:100%;background:#0047ba;background-color:#0047ba;"&gt;&lt;tbody&gt;&lt;tr&gt;&lt;td style="border-left:1px solid #e9e3ee;border-right:1px solid #e9e3ee;direction:ltr;font-size:0px;padding:0px;padding-bottom:0px;padding-left:0px;padding-right:0px;padding-top:0px;text-align:center;"&gt;&lt;!--[if mso | IE]&gt;&lt;table border="0" cellpadding="0" cellspacing="0" role="presentation"&gt;&lt;tr&gt;&lt;td style="vertical-align:top;width:638px;"&gt;&lt;![endif]--&gt;&lt;div class="mj-column-per-100 mj-outlook-group-fix"  style="direction:ltr;display:inline-block;font-size:0px;text-align:left;vertical-align:top;width:100%;"&gt;&lt;table border="0" cellpadding="0" cellspacing="0" role="presentation" width="100%"&gt;&lt;tbody&gt;&lt;tr&gt;&lt;td style="padding:0px;padding-bottom:0px;padding-left:0px;padding-right:0px;padding-top:0px;vertical-align:top;"&gt;&lt;table border="0" cellpadding="0" cellspacing="0" role="presentation" width="100%"&gt;&lt;tbody&gt;&lt;tr&gt;&lt;td style="font-size:0px;word-break:break-word;"&gt;&lt;div style="height:4px;line-height:4px;"&gt;&amp;#8202;&lt;/div&gt;&lt;/td&gt;&lt;/tr&gt;&lt;/tbody&gt;&lt;/table&gt;&lt;/td&gt;&lt;/tr&gt;&lt;/tbody&gt;&lt;/table&gt;&lt;/div&gt;&lt;!--[if mso | IE]&gt;&lt;/td&gt;&lt;/tr&gt;&lt;/table&gt;&lt;![endif]--&gt;&lt;/td&gt;&lt;/tr&gt;&lt;/tbody&gt;&lt;/table&gt;&lt;/div&gt;&lt;!--[if mso | IE]&gt;&lt;/td&gt;&lt;/tr&gt;&lt;/table&gt;&lt;table align="center" bgcolor="#ffffff" border="0" cellpadding="0" cellspacing="0" role="presentation" width="640" style="width:640px;"&gt;&lt;tr&gt;&lt;td style="font-size:0px;line-height:0px;mso-line-height-rule:exactly;"&gt;&lt;![endif]--&gt;&lt;div style="border-radius:0 0 4px 4px;margin:0px auto;max-width:640px;background:#ffffff;background-color:#ffffff;"&gt;&lt;table align="center" border="0" cellpadding="0" cellspacing="0" role="presentation" style="border-radius:0 0 4px 4px;width:100%;background:#ffffff;background-color:#ffffff;"&gt;&lt;tbody&gt;&lt;tr&gt;&lt;td style="border-bottom:1px solid #e9e3ee;border-left:1px solid #e9e3ee;border-right:1px solid #e9e3ee;direction:ltr;font-size:0px;padding:0px;padding-bottom:0px;padding-left:0px;padding-right:0px;padding-top:0px;text-align:center;"&gt;&lt;!--[if mso | IE]&gt;&lt;table border="0" cellpadding="0" cellspacing="0" role="presentation"&gt;&lt;tr&gt;&lt;td style="vertical-align:top;width:638px;"&gt;&lt;![endif]--&gt;&lt;div class="mj-column-per-100 mj-outlook-group-fix"  style="direction:ltr;display:inline-block;font-size:0px;text-align:left;vertical-align:top;width:100%;"&gt;&lt;table border="0" cellpadding="0" cellspacing="0" role="presentation" width="100%"&gt;&lt;tbody&gt;&lt;tr&gt;&lt;td style="padding:0px;padding-bottom:0px;padding-left:0px;padding-right:0px;padding-top:0px;vertical-align:top;"&gt;&lt;table border="0" cellpadding="0" cellspacing="0" role="presentation" width="100%"&gt;&lt;tbody&gt;&lt;tr&gt;&lt;td style="font-size:0px;padding:18px 16px;padding-bottom:18px;padding-left:16px;padding-right:16px;padding-top:18px;word-break:break-word;"&gt;&lt;!--[if mso | IE]&gt;&lt;table align="center" border="0" cellpadding="0" cellspacing="0" role="presentation" width="638" style="width:638px;"&gt;&lt;tr&gt;&lt;td style="font-size:0px;line-height:0px;mso-line-height-rule:exactly;"&gt;&lt;![endif]--&gt;&lt;div style="margin:0px auto;max-width:638px;"&gt;&lt;table align="center" border="0" cellpadding="0" cellspacing="0" role="presentation" style="width:100%;"&gt;&lt;tbody&gt;&lt;tr&gt;&lt;td style="direction:ltr;font-size:0px;padding:18px 16px;padding-bottom:18px;padding-left:16px;padding-right:16px;padding-top:18px;text-align:center;"&gt;&lt;!--[if mso | IE]&gt;&lt;table border="0" cellpadding="0" cellspacing="0" role="presentation"&gt;&lt;tr&gt;&lt;td style="vertical-align:top;width:606px;"&gt;&lt;![endif]--&gt;&lt;div class="mj-column-per-100 mj-outlook-group-fix"  style="direction:ltr;display:inline-block;font-size:0px;text-align:left;vertical-align:top;width:100%;"&gt;&lt;table border="0" cellpadding="0" cellspacing="0" role="presentation" width="100%" style="vertical-align:top;"&gt;&lt;tbody&gt;&lt;tr&gt;&lt;td align="left" style="font-size:0px;padding:0px 0px 12px 0px;padding-bottom:12px;padding-left:0px;padding-right:0px;padding-top:0px;word-break:break-word;"&gt;&lt;div style="font-family:proxima-nova, Arial, Helvetica, sans-serif;font-size:16px;line-height:1.65;text-align:left;color:#1f1f1f;"&gt;Dear &lt;strong&gt;Staff Member&lt;/strong&gt;,&lt;/div&gt;&lt;/td&gt;&lt;/tr&gt;&lt;tr&gt;&lt;td align="left" style="font-size:0px;padding:0px 0px 16px 0px;padding-bottom:16px;padding-left:0px;padding-right:0px;padding-top:0px;word-break:break-word;"&gt;&lt;div style="font-family:proxima-nova, Arial, Helvetica, sans-serif;font-size:16px;line-height:1.65;text-align:left;color:#1f1f1f;"&gt;This is an automated notification from the CAES HR Office. Your current vacation accrual balance is 240.0 hours, which is 100% of your maximum accrual cap of 240.0 hours.&lt;/div&gt;&lt;/td&gt;&lt;/tr&gt;&lt;tr&gt;&lt;td align="left" style="font-size:0px;padding:0px 0px 16px 0px;padding-bottom:16px;padding-left:0px;padding-right:0px;padding-top:0px;word-break:break-word;"&gt;&lt;div style="font-family:proxima-nova, Arial, Helvetica, sans-serif;font-size:16px;line-height:1.65;text-align:left;color:#1f1f1f;"&gt;Per UC policy (PPSM 2.210), once your balance reaches the maximum, you will stop accruing vacation hours until your balance falls below the cap. We encourage you to plan and schedule vacation time to avoid losing accrual.&lt;/div&gt;&lt;/td&gt;&lt;/tr&gt;&lt;tr&gt;&lt;td align="left" style="font-size:0px;padding:0px 0px 16px 0px;padding-bottom:16px;padding-left:0px;padding-right:0px;padding-top:0px;word-break:break-word;"&gt;&lt;div style="font-family:proxima-nova, Arial, Helvetica, sans-serif;font-size:16px;line-height:1.65;text-align:left;color:#1f1f1f;"&gt;Please submit your leave request at your earliest convenience:&lt;/div&gt;&lt;/td&gt;&lt;/tr&gt;&lt;tr&gt;&lt;td align="left" style="font-size:0px;padding:0px 0px 22px 0px;padding-bottom:22px;padding-left:0px;padding-right:0px;padding-top:0px;word-break:break-word;"&gt;&lt;table border="0" cellpadding="0" cellspacing="0" role="presentation" style="border-collapse:separate;line-height:100%;"&gt;&lt;tr&gt;&lt;td align="center" bgcolor="#0047ba" role="presentation" valign="middle" style="border:none;border-bottom:none;border-left:none;border-right:none;border-top:none;border-radius:4px;cursor:auto;mso-padding-alt:13px 24px;background:#0047ba;"&gt;&lt;a href="https://trs.ucdavis.edu/timesheet" target="_blank" style="background:#0047ba;border-radius:4px;color:#ffffff;display:inline-block;font-family:proxima-nova, Arial, Helvetica, sans-serif;font-size:16px;font-weight:600;line-height:120%;margin:0;mso-padding-alt:0px;padding:13px 24px;text-decoration:none;text-transform:none;"&gt;Open TRS Time Reporting &amp;rarr;&lt;/a&gt;&lt;/td&gt;&lt;/tr&gt;&lt;/table&gt;&lt;/td&gt;&lt;/tr&gt;&lt;tr&gt;&lt;td align="left" style="font-size:0px;padding:0px;padding-bottom:0px;padding-left:0px;padding-right:0px;padding-top:0px;word-break:break-word;"&gt;&lt;div style="font-family:proxima-nova, Arial, Helvetica, sans-serif;font-size:16px;line-height:1.65;text-align:left;color:#1f1f1f;"&gt;Best regards,&lt;br/&gt;
[xUnit.net 00:00:00.48]             CAES Human Resources&lt;/div&gt;&lt;/td&gt;&lt;/tr&gt;&lt;/tbody&gt;&lt;/table&gt;&lt;/div&gt;&lt;!--[if mso | IE]&gt;&lt;/td&gt;&lt;/tr&gt;&lt;/table&gt;&lt;![endif]--&gt;&lt;/td&gt;&lt;/tr&gt;&lt;/tbody&gt;&lt;/table&gt;&lt;/div&gt;&lt;!--[if mso | IE]&gt;&lt;/td&gt;&lt;/tr&gt;&lt;/table&gt;&lt;![endif]--&gt;&lt;/td&gt;&lt;/tr&gt;&lt;/tbody&gt;&lt;/table&gt;&lt;/td&gt;&lt;/tr&gt;&lt;/tbody&gt;&lt;/table&gt;&lt;/div&gt;&lt;!--[if mso | IE]&gt;&lt;/td&gt;&lt;/tr&gt;&lt;/table&gt;&lt;![endif]--&gt;&lt;/td&gt;&lt;/tr&gt;&lt;/tbody&gt;&lt;/table&gt;&lt;/div&gt;&lt;!--[if mso | IE]&gt;&lt;/td&gt;&lt;/tr&gt;&lt;/table&gt;&lt;table align="center" border="0" cellpadding="0" cellspacing="0" role="presentation" width="640" style="width:640px;"&gt;&lt;tr&gt;&lt;td style="font-size:0px;line-height:0px;mso-line-height-rule:exactly;"&gt;&lt;![endif]--&gt;&lt;div style="margin:0px auto;max-width:640px;"&gt;&lt;table align="center" border="0" cellpadding="0" cellspacing="0" role="presentation" style="width:100%;"&gt;&lt;tbody&gt;&lt;tr&gt;&lt;td style="direction:ltr;font-size:0px;padding:16px 24px 30px 24px;padding-bottom:30px;padding-left:24px;padding-right:24px;padding-top:16px;text-align:center;"&gt;&lt;!--[if mso | IE]&gt;&lt;table border="0" cellpadding="0" cellspacing="0" role="presentation"&gt;&lt;tr&gt;&lt;td style="vertical-align:top;width:592px;"&gt;&lt;![endif]--&gt;&lt;div class="mj-column-per-100 mj-outlook-group-fix"  style="direction:ltr;display:inline-block;font-size:0px;text-align:left;vertical-align:top;width:100%;"&gt;&lt;table border="0" cellpadding="0" cellspacing="0" role="presentation" width="100%" style="vertical-align:top;"&gt;&lt;tbody&gt;&lt;tr&gt;&lt;td align="center" style="font-size:0px;padding:0px;padding-bottom:0px;padding-left:0px;padding-right:0px;padding-top:0px;word-break:break-word;"&gt;&lt;div style="font-family:proxima-nova, Arial, Helvetica, sans-serif;font-size:12px;line-height:1.5;text-align:center;color:#848484;"&gt;This email was automatically generated. Please do not reply to it.&lt;/div&gt;&lt;/td&gt;&lt;/tr&gt;&lt;tr&gt;&lt;td align="left" style="font-size:0px;padding:14px 0 0 0;padding-bottom:0;padding-left:0;padding-right:0;padding-top:14px;word-break:break-word;"&gt;&lt;table border="0" cellpadding="0" cellspacing="0" role="presentation" width="100%" style="border:none;color:#000000;font-family:proxima-nova, Arial, Helvetica, sans-serif;font-size:13px;line-height:22px;table-layout:auto;width:100%;"&gt;&lt;tr&gt;
[xUnit.net 00:00:00.48]                   &lt;td align="center"&gt;
[xUnit.net 00:00:00.48]                     &lt;a href="https://ucdavis.edu" style="display:inline-block;text-decoration:none;"&gt;
[xUnit.net 00:00:00.48]                       &lt;img alt="UC Davis" src="/ucdavis.svg" width="100" style="border:0;display:block;height:auto;line-height:100%;max-width:100px;opacity:.55;outline:none;text-decoration:none;width:100px;"/&gt;
[xUnit.net 00:00:00.48]                     &lt;/a&gt;
[xUnit.net 00:00:00.48]                   &lt;/td&gt;
[xUnit.net 00:00:00.48]                 &lt;/tr&gt;&lt;/table&gt;&lt;/td&gt;&lt;/tr&gt;&lt;/tbody&gt;&lt;/table&gt;&lt;/div&gt;&lt;!--[if mso | IE]&gt;&lt;/td&gt;&lt;/tr&gt;&lt;/table&gt;&lt;![endif]--&gt;&lt;/td&gt;&lt;/tr&gt;&lt;/tbody&gt;&lt;/table&gt;&lt;/div&gt;&lt;!--[if mso | IE]&gt;&lt;/td&gt;&lt;/tr&gt;&lt;/table&gt;&lt;![endif]--&gt;&lt;/div&gt;&lt;/body&gt;&lt;/html&gt;" to contain "Dear Staff Member,".
[xUnit.net 00:00:00.48]       Stack Trace:
[xUnit.net 00:00:00.48]            at FluentAssertions.Execution.LateBoundTestFramework.Throw(String message)
[xUnit.net 00:00:00.48]            at FluentAssertions.Execution.DefaultAssertionStrategy.HandleFailure(String message)
[xUnit.net 00:00:00.48]            at FluentAssertions.Execution.AssertionScope.AddPreFormattedFailure(String formattedFailureMessage)
[xUnit.net 00:00:00.48]            at FluentAssertions.Execution.AssertionChain.FailWith(Func`1 getFailureReason)
[xUnit.net 00:00:00.48]            at FluentAssertions.Execution.AssertionChain.FailWith(Func`1 getFailureReason)
[xUnit.net 00:00:00.48]            at FluentAssertions.Execution.AssertionChain.FailWith(String message, Object[] args)
[xUnit.net 00:00:00.48]            at FluentAssertions.Primitives.StringAssertions`1.Contain(String expected, String because, Object[] becauseArgs)
[xUnit.net 00:00:00.48]         /Users/cydoval/Documents/work/ucdavis_cru/Web/Walter/web/tests/server.tests/Services/AccrualOutboundMessageRendererTests.cs(52,0): at server.tests.Services.AccrualOutboundMessageRendererTests.RenderAsync_renders_staff_employee_template_from_payload()
[xUnit.net 00:00:00.48]         --- End of stack trace from previous location ---
https://iet-ws.ucdavis.edu/api/iam/people/prikerbacct/IAM-123?key=test-api-key
{"ResponseDetails":null,"ResponseStatus":200,"ResponseData":{"Results":[{"UserId":"guser","IamId":"IAM-123","PpsId":null,"EmployeeId":null,"MothraId":null,"StudentId":null,"BannerPidm":null,"ExternalId":null,"OFirstName":null,"OMiddleName":null,"OLastName":null,"OFullName":null,"OSuffix":null,"DFirstName":null,"DMiddleName":null,"DLastName":null,"DSuffix":null,"DPronouns":null,"DFullName":null,"IsEmployee":false,"IsHSEmployee":false,"IsFaculty":false,"IsStudent":false,"IsExternal":false,"IsStaff":false,"ModifyDate":"0001-01-01T00:00:00","CampusEmail":null,"FirstName":null,"MiddleName":null,"LastName":null,"FullName":null}]}}
[xUnit.net 00:00:01.14]   Finished:    server.tests
</StdOut>
    </Output>
    <RunInfos>
      <RunInfo computerName="JKPHVQ1XK9" outcome="Error" timestamp="2026-05-28T08:09:03.6978420-07:00">
        <Text>[xUnit.net 00:00:00.47]     server.tests.Services.AccrualOutboundMessageRendererTests.RenderAsync_renders_staff_employee_template_from_payload [FAIL]</Text>
      </RunInfo>
    </RunInfos>
  </ResultSummary>
</TestRun>